Added Component: Designator=C1(MAL2150_CASE1821)
Add component (AddParameter): Name = "ComponentLink1Description"; Value = "DigiKey"; VariantName = "[No Variations]"
Add component (AddParameter): Name = "ComponentLink1URL"; Value = "https://www.digikey.com/en/products/detail/vishay-beyschlag-draloric-bc-components/MAL215099913E3/5414592"; VariantName = "[No Variations]"
Add component (AddParameter): Name = "Manufacturer"; Value = "Vishay"; VariantName = "[No Variations]"
Add component (AddParameter): Name = "Part Number"; Value = "MAL215099913E3"; VariantName = "[No Variations]"
Add component (AddParameter): Name = "Value"; Value = "470uF 100V"; VariantName = "[No Variations]"
Added Component: Designator=C3(875115357006)
Add component (AddParameter): Name = "ComponentLink1Description"; Value = "DigiKey"; VariantName = "[No Variations]"
Add component (AddParameter): Name = "ComponentLink1URL"; Value = "https://www.digikey.com/en/products/detail/w%C3%BCrth-elektronik/875115357006/5147625?s=N4IgTCBcDaIBwHYCsBGFSDMSEAYcDYQBdAXyA"; VariantName = "[No Variations]"
Add component (AddParameter): Name = "Manufacturer"; Value = "Würth Elektronik"; VariantName = "[No Variations]"
Add component (AddParameter): Name = "Part Number"; Value = "CAP ALUM POLY 470UF 20% 16V SMD"; VariantName = "[No Variations]"
Add component (AddParameter): Name = "Value"; Value = "470uF 16V"; VariantName = "[No Variations]"
Added Component: Designator=C4(875115357006)
Add component (AddParameter): Name = "ComponentLink1Description"; Value = "DigiKey"; VariantName = "[No Variations]"
Add component (AddParameter): Name = "ComponentLink1URL"; Value = "https://www.digikey.com/en/products/detail/w%C3%BCrth-elektronik/875115357006/5147625?s=N4IgTCBcDaIBwHYCsBGFSDMSEAYcDYQBdAXyA"; VariantName = "[No Variations]"
Add component (AddParameter): Name = "Manufacturer"; Value = "Würth Elektronik"; VariantName = "[No Variations]"
Add component (AddParameter): Name = "Part Number"; Value = "CAP ALUM POLY 470UF 20% 16V SMD"; VariantName = "[No Variations]"
Add component (AddParameter): Name = "Value"; Value = "470uF 16V"; VariantName = "[No Variations]"
Added Component: Designator=C5(875115357006)
Add component (AddParameter): Name = "ComponentLink1Description"; Value = "DigiKey"; VariantName = "[No Variations]"
Add component (AddParameter): Name = "ComponentLink1URL"; Value = "https://www.digikey.com/en/products/detail/w%C3%BCrth-elektronik/875115357006/5147625?s=N4IgTCBcDaIBwHYCsBGFSDMSEAYcDYQBdAXyA"; VariantName = "[No Variations]"
Add component (AddParameter): Name = "Manufacturer"; Value = "Würth Elektronik"; VariantName = "[No Variations]"
Add component (AddParameter): Name = "Part Number"; Value = "CAP ALUM POLY 470UF 20% 16V SMD"; VariantName = "[No Variations]"
Add component (AddParameter): Name = "Value"; Value = "470uF 16V"; VariantName = "[No Variations]"
Added Component: Designator=C6(875115357006)
Add component (AddParameter): Name = "ComponentLink1Description"; Value = "DigiKey"; VariantName = "[No Variations]"
Add component (AddParameter): Name = "ComponentLink1URL"; Value = "https://www.digikey.com/en/products/detail/w%C3%BCrth-elektronik/875115357006/5147625?s=N4IgTCBcDaIBwHYCsBGFSDMSEAYcDYQBdAXyA"; VariantName = "[No Variations]"
Add component (AddParameter): Name = "Manufacturer"; Value = "Würth Elektronik"; VariantName = "[No Variations]"
Add component (AddParameter): Name = "Part Number"; Value = "CAP ALUM POLY 470UF 20% 16V SMD"; VariantName = "[No Variations]"
Add component (AddParameter): Name = "Value"; Value = "470uF 16V"; VariantName = "[No Variations]"
Added Component: Designator=C7(C2012M Generic)
Add component (AddParameter): Name = "ComponentLink1Description"; Value = "New link"; VariantName = "[No Variations]"
Add component (AddParameter): Name = "ComponentLink1URL"; Value = ""; VariantName = "[No Variations]"
Add component (AddParameter): Name = "Manufacturer"; Value = "TDK Corporation"; VariantName = "[No Variations]"
Add component (AddParameter): Name = "Part Number"; Value = "C2012X5R1E156M125AC"; VariantName = "[No Variations]"
Add component (AddParameter): Name = "Value"; Value = "15uF 25V"; VariantName = "[No Variations]"
Added Component: Designator=D1(BZX84-C12,235)
Add component (AddParameter): Name = "ComponentLink1Description"; Value = "DigiKey"; VariantName = "[No Variations]"
Add component (AddParameter): Name = "ComponentLink1URL"; Value = "https://www.digikey.com/en/products/detail/nexperia-usa-inc/BZX84-C12-235/5221767"; VariantName = "[No Variations]"
Add component (AddParameter): Name = "Manufacturer"; Value = "Nexperia"; VariantName = "[No Variations]"
Add component (AddParameter): Name = "Part Number"; Value = "BZX84-C12,235"; VariantName = "[No Variations]"
Add component (AddParameter): Name = "Value"; Value = "12V 250mW"; VariantName = "[No Variations]"
Added Component: Designator=F1(0456030.ER)
Add component (AddParameter): Name = "ComponentLink1Description"; Value = "DigiKey"; VariantName = "[No Variations]"
Add component (AddParameter): Name = "ComponentLink1URL"; Value = "https://www.digikey.com/en/products/detail/littelfuse-inc/0456030-ER/1754635"; VariantName = "[No Variations]"
Add component (AddParameter): Name = "Manufacturer"; Value = "Littelfuse"; VariantName = "[No Variations]"
Add component (AddParameter): Name = "Part Number"; Value = "0456030.ER"; VariantName = "[No Variations]"
Add component (AddParameter): Name = "Value"; Value = "72VDC 30A"; VariantName = "[No Variations]"
Added Component: Designator=J1(74655095)
Add component (AddParameter): Name = "ComponentLink1Description"; Value = "Manufacturer"; VariantName = "[No Variations]"
Add component (AddParameter): Name = "ComponentLink1URL"; Value = "http://www.we-online.de"; VariantName = "[No Variations]"
Add component (AddParameter): Name = "ComponentLink2Description"; Value = "Datasheet"; VariantName = "[No Variations]"
Add component (AddParameter): Name = "ComponentLink2URL"; Value = "https://katalog.we-online.com/em/datasheet/74655095R.pdf"; VariantName = "[No Variations]"
Add component (AddParameter): Name = "Height"; Value = "4mm"; VariantName = "[No Variations]"
Add component (AddParameter): Name = "Manufacturer"; Value = "Wurth Elektronik"; VariantName = "[No Variations]"
Add component (AddParameter): Name = "Material"; Value = "Brass"; VariantName = "[No Variations]"
Add component (AddParameter): Name = "Mounting Technology"; Value = "SMT"; VariantName = "[No Variations]"
Add component (AddParameter): Name = "Operating Temperature"; Value = "-55 to +150degC"; VariantName = "[No Variations]"
Add component (AddParameter): Name = "Packaging"; Value = "Tape and Reel"; VariantName = "[No Variations]"
Add component (AddParameter): Name = "Part Number"; Value = "74655095R"; VariantName = "[No Variations]"
Add component (AddParameter): Name = "Pin Number"; Value = "8"; VariantName = "[No Variations]"
Add component (AddParameter): Name = "Published Date"; Value = "September 2019"; VariantName = "[No Variations]"
Add component (AddParameter): Name = "Publisher"; Value = "Wurth Elektronik"; VariantName = "[No Variations]"
Add component (AddParameter): Name = "Rated Current"; Value = "85A"; VariantName = "[No Variations]"
Add component (AddParameter): Name = "Size"; Value = "10x10mm"; VariantName = "[No Variations]"
Add component (AddParameter): Name = "Surface"; Value = "Tin"; VariantName = "[No Variations]"
Add component (AddParameter): Name = "Thread"; Value = "M5"; VariantName = "[No Variations]"
Add component (AddParameter): Name = "Thread Length"; Value = "3.5mm"; VariantName = "[No Variations]"
Add component (AddParameter): Name = "Value"; Value = "M5x3.5mm"; VariantName = "[No Variations]"
Added Component: Designator=J2(74655095)
Add component (AddParameter): Name = "ComponentLink1Description"; Value = "Manufacturer"; VariantName = "[No Variations]"
Add component (AddParameter): Name = "ComponentLink1URL"; Value = "http://www.we-online.de"; VariantName = "[No Variations]"
Add component (AddParameter): Name = "ComponentLink2Description"; Value = "Datasheet"; VariantName = "[No Variations]"
Add component (AddParameter): Name = "ComponentLink2URL"; Value = "https://katalog.we-online.com/em/datasheet/74655095R.pdf"; VariantName = "[No Variations]"
Add component (AddParameter): Name = "Height"; Value = "4mm"; VariantName = "[No Variations]"
Add component (AddParameter): Name = "Manufacturer"; Value = "Wurth Elektronik"; VariantName = "[No Variations]"
Add component (AddParameter): Name = "Material"; Value = "Brass"; VariantName = "[No Variations]"
Add component (AddParameter): Name = "Mounting Technology"; Value = "SMT"; VariantName = "[No Variations]"
Add component (AddParameter): Name = "Operating Temperature"; Value = "-55 to +150degC"; VariantName = "[No Variations]"
Add component (AddParameter): Name = "Packaging"; Value = "Tape and Reel"; VariantName = "[No Variations]"
Add component (AddParameter): Name = "Part Number"; Value = "74655095R"; VariantName = "[No Variations]"
Add component (AddParameter): Name = "Pin Number"; Value = "8"; VariantName = "[No Variations]"
Add component (AddParameter): Name = "Published Date"; Value = "September 2019"; VariantName = "[No Variations]"
Add component (AddParameter): Name = "Publisher"; Value = "Wurth Elektronik"; VariantName = "[No Variations]"
Add component (AddParameter): Name = "Rated Current"; Value = "85A"; VariantName = "[No Variations]"
Add component (AddParameter): Name = "Size"; Value = "10x10mm"; VariantName = "[No Variations]"
Add component (AddParameter): Name = "Surface"; Value = "Tin"; VariantName = "[No Variations]"
Add component (AddParameter): Name = "Thread"; Value = "M5"; VariantName = "[No Variations]"
Add component (AddParameter): Name = "Thread Length"; Value = "3.5mm"; VariantName = "[No Variations]"
Add component (AddParameter): Name = "Value"; Value = "M5x3.5mm"; VariantName = "[No Variations]"
Added Component: Designator=J3(FP-B2B-XH-A_LF_SN-MFG)
Add component (AddParameter): Name = "ComponentLink2Description"; Value = "Datasheet"; VariantName = "[No Variations]"
Add component (AddParameter): Name = "ComponentLink2URL"; Value = "http://www.jst-mfg.com/product/pdf/eng/eXH.pdf?5d9b3ba19c79b"; VariantName = "[No Variations]"
Add component (AddParameter): Name = "Manufacturer"; Value = "JST"; VariantName = "[No Variations]"
Add component (AddParameter): Name = "Part Number"; Value = "B2B-XH-A(LF)(SN)"; VariantName = "[No Variations]"
Add component (AddParameter): Name = "Value"; Value = "JST-XH 2POS VERT"; VariantName = "[No Variations]"
Added Component: Designator=J4(FP-B2B-XH-A_LF_SN-MFG)
Add component (AddParameter): Name = "ComponentLink2Description"; Value = "Datasheet"; VariantName = "[No Variations]"
Add component (AddParameter): Name = "ComponentLink2URL"; Value = "http://www.jst-mfg.com/product/pdf/eng/eXH.pdf?5d9b3ba19c79b"; VariantName = "[No Variations]"
Add component (AddParameter): Name = "Manufacturer"; Value = "JST"; VariantName = "[No Variations]"
Add component (AddParameter): Name = "Part Number"; Value = "B2B-XH-A(LF)(SN)"; VariantName = "[No Variations]"
Add component (AddParameter): Name = "Value"; Value = "JST-XH 2POS VERT"; VariantName = "[No Variations]"
Added Component: Designator=J5(FP-B2B-XH-A_LF_SN-MFG)
Add component (AddParameter): Name = "ComponentLink2Description"; Value = "Datasheet"; VariantName = "[No Variations]"
Add component (AddParameter): Name = "ComponentLink2URL"; Value = "http://www.jst-mfg.com/product/pdf/eng/eXH.pdf?5d9b3ba19c79b"; VariantName = "[No Variations]"
Add component (AddParameter): Name = "Manufacturer"; Value = "JST"; VariantName = "[No Variations]"
Add component (AddParameter): Name = "Part Number"; Value = "B2B-XH-A(LF)(SN)"; VariantName = "[No Variations]"
Add component (AddParameter): Name = "Value"; Value = "JST-XH 2POS VERT"; VariantName = "[No Variations]"
Added Component: Designator=J6(FP-B2B-XH-A_LF_SN-MFG)
Add component (AddParameter): Name = "ComponentLink2Description"; Value = "Datasheet"; VariantName = "[No Variations]"
Add component (AddParameter): Name = "ComponentLink2URL"; Value = "http://www.jst-mfg.com/product/pdf/eng/eXH.pdf?5d9b3ba19c79b"; VariantName = "[No Variations]"
Add component (AddParameter): Name = "Manufacturer"; Value = "JST"; VariantName = "[No Variations]"
Add component (AddParameter): Name = "Part Number"; Value = "B2B-XH-A(LF)(SN)"; VariantName = "[No Variations]"
Add component (AddParameter): Name = "Value"; Value = "JST-XH 2POS VERT"; VariantName = "[No Variations]"
Added Component: Designator=J7(FP-B2B-XH-A_LF_SN-MFG)
Add component (AddParameter): Name = "ComponentLink2Description"; Value = "Datasheet"; VariantName = "[No Variations]"
Add component (AddParameter): Name = "ComponentLink2URL"; Value = "http://www.jst-mfg.com/product/pdf/eng/eXH.pdf?5d9b3ba19c79b"; VariantName = "[No Variations]"
Add component (AddParameter): Name = "Manufacturer"; Value = "JST"; VariantName = "[No Variations]"
Add component (AddParameter): Name = "Part Number"; Value = "B2B-XH-A(LF)(SN)"; VariantName = "[No Variations]"
Add component (AddParameter): Name = "Value"; Value = "JST-XH 2POS VERT"; VariantName = "[No Variations]"
Added Component: Designator=J8(FP-B2B-XH-A_LF_SN-MFG)
Add component (AddParameter): Name = "ComponentLink2Description"; Value = "Datasheet"; VariantName = "[No Variations]"
Add component (AddParameter): Name = "ComponentLink2URL"; Value = "http://www.jst-mfg.com/product/pdf/eng/eXH.pdf?5d9b3ba19c79b"; VariantName = "[No Variations]"
Add component (AddParameter): Name = "Manufacturer"; Value = "JST"; VariantName = "[No Variations]"
Add component (AddParameter): Name = "Part Number"; Value = "B2B-XH-A(LF)(SN)"; VariantName = "[No Variations]"
Add component (AddParameter): Name = "Value"; Value = "JST-XH 2POS VERT"; VariantName = "[No Variations]"
Added Component: Designator=J9(74650073)
Add component (AddParameter): Name = "ComponentLink1Description"; Value = "Manufacturer"; VariantName = "[No Variations]"
Add component (AddParameter): Name = "ComponentLink1URL"; Value = "http://www.we-online.de"; VariantName = "[No Variations]"
Add component (AddParameter): Name = "ComponentLink2Description"; Value = "Datasheet"; VariantName = "[No Variations]"
Add component (AddParameter): Name = "ComponentLink2URL"; Value = "https://katalog.we-online.com/em/datasheet/74650073R.pdf"; VariantName = "[No Variations]"
Add component (AddParameter): Name = "Height"; Value = "3mm"; VariantName = "[No Variations]"
Add component (AddParameter): Name = "Manufacturer"; Value = "Wurth Elektronik"; VariantName = "[No Variations]"
Add component (AddParameter): Name = "Material"; Value = "Brass"; VariantName = "[No Variations]"
Add component (AddParameter): Name = "Mounting Technology"; Value = "SMT"; VariantName = "[No Variations]"
Add component (AddParameter): Name = "Operating Temperature"; Value = "-55 to +150degC"; VariantName = "[No Variations]"
Add component (AddParameter): Name = "Packaging"; Value = "Tape and Reel"; VariantName = "[No Variations]"
Add component (AddParameter): Name = "Part Number"; Value = "74650073R"; VariantName = "[No Variations]"
Add component (AddParameter): Name = "Pin Number"; Value = "4"; VariantName = "[No Variations]"
Add component (AddParameter): Name = "Published Date"; Value = "September 2019"; VariantName = "[No Variations]"
Add component (AddParameter): Name = "Publisher"; Value = "Wurth Elektronik"; VariantName = "[No Variations]"
Add component (AddParameter): Name = "Rated Current"; Value = "50A"; VariantName = "[No Variations]"
Add component (AddParameter): Name = "Size"; Value = "7x7mm"; VariantName = "[No Variations]"
Add component (AddParameter): Name = "Surface"; Value = "Tin"; VariantName = "[No Variations]"
Add component (AddParameter): Name = "Thread"; Value = "M3"; VariantName = "[No Variations]"
Add component (AddParameter): Name = "Thread Length"; Value = "2.5mm"; VariantName = "[No Variations]"
Add component (AddParameter): Name = "Value"; Value = "M3x2.5mm"; VariantName = "[No Variations]"
Added Component: Designator=J10(74650073)
Add component (AddParameter): Name = "ComponentLink1Description"; Value = "Manufacturer"; VariantName = "[No Variations]"
Add component (AddParameter): Name = "ComponentLink1URL"; Value = "http://www.we-online.de"; VariantName = "[No Variations]"
Add component (AddParameter): Name = "ComponentLink2Description"; Value = "Datasheet"; VariantName = "[No Variations]"
Add component (AddParameter): Name = "ComponentLink2URL"; Value = "https://katalog.we-online.com/em/datasheet/74650073R.pdf"; VariantName = "[No Variations]"
Add component (AddParameter): Name = "Height"; Value = "3mm"; VariantName = "[No Variations]"
Add component (AddParameter): Name = "Manufacturer"; Value = "Wurth Elektronik"; VariantName = "[No Variations]"
Add component (AddParameter): Name = "Material"; Value = "Brass"; VariantName = "[No Variations]"
Add component (AddParameter): Name = "Mounting Technology"; Value = "SMT"; VariantName = "[No Variations]"
Add component (AddParameter): Name = "Operating Temperature"; Value = "-55 to +150degC"; VariantName = "[No Variations]"
Add component (AddParameter): Name = "Packaging"; Value = "Tape and Reel"; VariantName = "[No Variations]"
Add component (AddParameter): Name = "Part Number"; Value = "74650073R"; VariantName = "[No Variations]"
Add component (AddParameter): Name = "Pin Number"; Value = "4"; VariantName = "[No Variations]"
Add component (AddParameter): Name = "Published Date"; Value = "September 2019"; VariantName = "[No Variations]"
Add component (AddParameter): Name = "Publisher"; Value = "Wurth Elektronik"; VariantName = "[No Variations]"
Add component (AddParameter): Name = "Rated Current"; Value = "50A"; VariantName = "[No Variations]"
Add component (AddParameter): Name = "Size"; Value = "7x7mm"; VariantName = "[No Variations]"
Add component (AddParameter): Name = "Surface"; Value = "Tin"; VariantName = "[No Variations]"
Add component (AddParameter): Name = "Thread"; Value = "M3"; VariantName = "[No Variations]"
Add component (AddParameter): Name = "Thread Length"; Value = "2.5mm"; VariantName = "[No Variations]"
Add component (AddParameter): Name = "Value"; Value = "M3x2.5mm"; VariantName = "[No Variations]"
Added Component: Designator=J11(74655095)
Add component (AddParameter): Name = "ComponentLink1Description"; Value = "Manufacturer"; VariantName = "[No Variations]"
Add component (AddParameter): Name = "ComponentLink1URL"; Value = "http://www.we-online.de"; VariantName = "[No Variations]"
Add component (AddParameter): Name = "ComponentLink2Description"; Value = "Datasheet"; VariantName = "[No Variations]"
Add component (AddParameter): Name = "ComponentLink2URL"; Value = "https://katalog.we-online.com/em/datasheet/74655095R.pdf"; VariantName = "[No Variations]"
Add component (AddParameter): Name = "Height"; Value = "4mm"; VariantName = "[No Variations]"
Add component (AddParameter): Name = "Manufacturer"; Value = "Wurth Elektronik"; VariantName = "[No Variations]"
Add component (AddParameter): Name = "Material"; Value = "Brass"; VariantName = "[No Variations]"
Add component (AddParameter): Name = "Mounting Technology"; Value = "SMT"; VariantName = "[No Variations]"
Add component (AddParameter): Name = "Operating Temperature"; Value = "-55 to +150degC"; VariantName = "[No Variations]"
Add component (AddParameter): Name = "Packaging"; Value = "Tape and Reel"; VariantName = "[No Variations]"
Add component (AddParameter): Name = "Part Number"; Value = "74655095R"; VariantName = "[No Variations]"
Add component (AddParameter): Name = "Pin Number"; Value = "8"; VariantName = "[No Variations]"
Add component (AddParameter): Name = "Published Date"; Value = "September 2019"; VariantName = "[No Variations]"
Add component (AddParameter): Name = "Publisher"; Value = "Wurth Elektronik"; VariantName = "[No Variations]"
Add component (AddParameter): Name = "Rated Current"; Value = "85A"; VariantName = "[No Variations]"
Add component (AddParameter): Name = "Size"; Value = "10x10mm"; VariantName = "[No Variations]"
Add component (AddParameter): Name = "Surface"; Value = "Tin"; VariantName = "[No Variations]"
Add component (AddParameter): Name = "Thread"; Value = "M5"; VariantName = "[No Variations]"
Add component (AddParameter): Name = "Thread Length"; Value = "3.5mm"; VariantName = "[No Variations]"
Add component (AddParameter): Name = "Value"; Value = "M5x3.5mm"; VariantName = "[No Variations]"
Added Component: Designator=J12(74650073)
Add component (AddParameter): Name = "ComponentLink1Description"; Value = "Manufacturer"; VariantName = "[No Variations]"
Add component (AddParameter): Name = "ComponentLink1URL"; Value = "http://www.we-online.de"; VariantName = "[No Variations]"
Add component (AddParameter): Name = "ComponentLink2Description"; Value = "Datasheet"; VariantName = "[No Variations]"
Add component (AddParameter): Name = "ComponentLink2URL"; Value = "https://katalog.we-online.com/em/datasheet/74650073R.pdf"; VariantName = "[No Variations]"
Add component (AddParameter): Name = "Height"; Value = "3mm"; VariantName = "[No Variations]"
Add component (AddParameter): Name = "Manufacturer"; Value = "Wurth Elektronik"; VariantName = "[No Variations]"
Add component (AddParameter): Name = "Material"; Value = "Brass"; VariantName = "[No Variations]"
Add component (AddParameter): Name = "Mounting Technology"; Value = "SMT"; VariantName = "[No Variations]"
Add component (AddParameter): Name = "Operating Temperature"; Value = "-55 to +150degC"; VariantName = "[No Variations]"
Add component (AddParameter): Name = "Packaging"; Value = "Tape and Reel"; VariantName = "[No Variations]"
Add component (AddParameter): Name = "Part Number"; Value = "74650073R"; VariantName = "[No Variations]"
Add component (AddParameter): Name = "Pin Number"; Value = "4"; VariantName = "[No Variations]"
Add component (AddParameter): Name = "Published Date"; Value = "September 2019"; VariantName = "[No Variations]"
Add component (AddParameter): Name = "Publisher"; Value = "Wurth Elektronik"; VariantName = "[No Variations]"
Add component (AddParameter): Name = "Rated Current"; Value = "50A"; VariantName = "[No Variations]"
Add component (AddParameter): Name = "Size"; Value = "7x7mm"; VariantName = "[No Variations]"
Add component (AddParameter): Name = "Surface"; Value = "Tin"; VariantName = "[No Variations]"
Add component (AddParameter): Name = "Thread"; Value = "M3"; VariantName = "[No Variations]"
Add component (AddParameter): Name = "Thread Length"; Value = "2.5mm"; VariantName = "[No Variations]"
Add component (AddParameter): Name = "Value"; Value = "M3x2.5mm"; VariantName = "[No Variations]"
Added Component: Designator=J13(74655095)
Add component (AddParameter): Name = "ComponentLink1Description"; Value = "Manufacturer"; VariantName = "[No Variations]"
Add component (AddParameter): Name = "ComponentLink1URL"; Value = "http://www.we-online.de"; VariantName = "[No Variations]"
Add component (AddParameter): Name = "ComponentLink2Description"; Value = "Datasheet"; VariantName = "[No Variations]"
Add component (AddParameter): Name = "ComponentLink2URL"; Value = "https://katalog.we-online.com/em/datasheet/74655095R.pdf"; VariantName = "[No Variations]"
Add component (AddParameter): Name = "Height"; Value = "4mm"; VariantName = "[No Variations]"
Add component (AddParameter): Name = "Manufacturer"; Value = "Wurth Elektronik"; VariantName = "[No Variations]"
Add component (AddParameter): Name = "Material"; Value = "Brass"; VariantName = "[No Variations]"
Add component (AddParameter): Name = "Mounting Technology"; Value = "SMT"; VariantName = "[No Variations]"
Add component (AddParameter): Name = "Operating Temperature"; Value = "-55 to +150degC"; VariantName = "[No Variations]"
Add component (AddParameter): Name = "Packaging"; Value = "Tape and Reel"; VariantName = "[No Variations]"
Add component (AddParameter): Name = "Part Number"; Value = "74655095R"; VariantName = "[No Variations]"
Add component (AddParameter): Name = "Pin Number"; Value = "8"; VariantName = "[No Variations]"
Add component (AddParameter): Name = "Published Date"; Value = "September 2019"; VariantName = "[No Variations]"
Add component (AddParameter): Name = "Publisher"; Value = "Wurth Elektronik"; VariantName = "[No Variations]"
Add component (AddParameter): Name = "Rated Current"; Value = "85A"; VariantName = "[No Variations]"
Add component (AddParameter): Name = "Size"; Value = "10x10mm"; VariantName = "[No Variations]"
Add component (AddParameter): Name = "Surface"; Value = "Tin"; VariantName = "[No Variations]"
Add component (AddParameter): Name = "Thread"; Value = "M5"; VariantName = "[No Variations]"
Add component (AddParameter): Name = "Thread Length"; Value = "3.5mm"; VariantName = "[No Variations]"
Add component (AddParameter): Name = "Value"; Value = "M5x3.5mm"; VariantName = "[No Variations]"
Added Component: Designator=J14(74650073)
Add component (AddParameter): Name = "ComponentLink1Description"; Value = "Manufacturer"; VariantName = "[No Variations]"
Add component (AddParameter): Name = "ComponentLink1URL"; Value = "http://www.we-online.de"; VariantName = "[No Variations]"
Add component (AddParameter): Name = "ComponentLink2Description"; Value = "Datasheet"; VariantName = "[No Variations]"
Add component (AddParameter): Name = "ComponentLink2URL"; Value = "https://katalog.we-online.com/em/datasheet/74650073R.pdf"; VariantName = "[No Variations]"
Add component (AddParameter): Name = "Height"; Value = "3mm"; VariantName = "[No Variations]"
Add component (AddParameter): Name = "Manufacturer"; Value = "Wurth Elektronik"; VariantName = "[No Variations]"
Add component (AddParameter): Name = "Material"; Value = "Brass"; VariantName = "[No Variations]"
Add component (AddParameter): Name = "Mounting Technology"; Value = "SMT"; VariantName = "[No Variations]"
Add component (AddParameter): Name = "Operating Temperature"; Value = "-55 to +150degC"; VariantName = "[No Variations]"
Add component (AddParameter): Name = "Packaging"; Value = "Tape and Reel"; VariantName = "[No Variations]"
Add component (AddParameter): Name = "Part Number"; Value = "74650073R"; VariantName = "[No Variations]"
Add component (AddParameter): Name = "Pin Number"; Value = "4"; VariantName = "[No Variations]"
Add component (AddParameter): Name = "Published Date"; Value = "September 2019"; VariantName = "[No Variations]"
Add component (AddParameter): Name = "Publisher"; Value = "Wurth Elektronik"; VariantName = "[No Variations]"
Add component (AddParameter): Name = "Rated Current"; Value = "50A"; VariantName = "[No Variations]"
Add component (AddParameter): Name = "Size"; Value = "7x7mm"; VariantName = "[No Variations]"
Add component (AddParameter): Name = "Surface"; Value = "Tin"; VariantName = "[No Variations]"
Add component (AddParameter): Name = "Thread"; Value = "M3"; VariantName = "[No Variations]"
Add component (AddParameter): Name = "Thread Length"; Value = "2.5mm"; VariantName = "[No Variations]"
Add component (AddParameter): Name = "Value"; Value = "M3x2.5mm"; VariantName = "[No Variations]"
Added Component: Designator=J15(74655095)
Add component (AddParameter): Name = "ComponentLink1Description"; Value = "Manufacturer"; VariantName = "[No Variations]"
Add component (AddParameter): Name = "ComponentLink1URL"; Value = "http://www.we-online.de"; VariantName = "[No Variations]"
Add component (AddParameter): Name = "ComponentLink2Description"; Value = "Datasheet"; VariantName = "[No Variations]"
Add component (AddParameter): Name = "ComponentLink2URL"; Value = "https://katalog.we-online.com/em/datasheet/74655095R.pdf"; VariantName = "[No Variations]"
Add component (AddParameter): Name = "Height"; Value = "4mm"; VariantName = "[No Variations]"
Add component (AddParameter): Name = "Manufacturer"; Value = "Wurth Elektronik"; VariantName = "[No Variations]"
Add component (AddParameter): Name = "Material"; Value = "Brass"; VariantName = "[No Variations]"
Add component (AddParameter): Name = "Mounting Technology"; Value = "SMT"; VariantName = "[No Variations]"
Add component (AddParameter): Name = "Operating Temperature"; Value = "-55 to +150degC"; VariantName = "[No Variations]"
Add component (AddParameter): Name = "Packaging"; Value = "Tape and Reel"; VariantName = "[No Variations]"
Add component (AddParameter): Name = "Part Number"; Value = "74655095R"; VariantName = "[No Variations]"
Add component (AddParameter): Name = "Pin Number"; Value = "8"; VariantName = "[No Variations]"
Add component (AddParameter): Name = "Published Date"; Value = "September 2019"; VariantName = "[No Variations]"
Add component (AddParameter): Name = "Publisher"; Value = "Wurth Elektronik"; VariantName = "[No Variations]"
Add component (AddParameter): Name = "Rated Current"; Value = "85A"; VariantName = "[No Variations]"
Add component (AddParameter): Name = "Size"; Value = "10x10mm"; VariantName = "[No Variations]"
Add component (AddParameter): Name = "Surface"; Value = "Tin"; VariantName = "[No Variations]"
Add component (AddParameter): Name = "Thread"; Value = "M5"; VariantName = "[No Variations]"
Add component (AddParameter): Name = "Thread Length"; Value = "3.5mm"; VariantName = "[No Variations]"
Add component (AddParameter): Name = "Value"; Value = "M5x3.5mm"; VariantName = "[No Variations]"
Added Component: Designator=J16(74650073)
Add component (AddParameter): Name = "ComponentLink1Description"; Value = "Manufacturer"; VariantName = "[No Variations]"
Add component (AddParameter): Name = "ComponentLink1URL"; Value = "http://www.we-online.de"; VariantName = "[No Variations]"
Add component (AddParameter): Name = "ComponentLink2Description"; Value = "Datasheet"; VariantName = "[No Variations]"
Add component (AddParameter): Name = "ComponentLink2URL"; Value = "https://katalog.we-online.com/em/datasheet/74650073R.pdf"; VariantName = "[No Variations]"
Add component (AddParameter): Name = "Height"; Value = "3mm"; VariantName = "[No Variations]"
Add component (AddParameter): Name = "Manufacturer"; Value = "Wurth Elektronik"; VariantName = "[No Variations]"
Add component (AddParameter): Name = "Material"; Value = "Brass"; VariantName = "[No Variations]"
Add component (AddParameter): Name = "Mounting Technology"; Value = "SMT"; VariantName = "[No Variations]"
Add component (AddParameter): Name = "Operating Temperature"; Value = "-55 to +150degC"; VariantName = "[No Variations]"
Add component (AddParameter): Name = "Packaging"; Value = "Tape and Reel"; VariantName = "[No Variations]"
Add component (AddParameter): Name = "Part Number"; Value = "74650073R"; VariantName = "[No Variations]"
Add component (AddParameter): Name = "Pin Number"; Value = "4"; VariantName = "[No Variations]"
Add component (AddParameter): Name = "Published Date"; Value = "September 2019"; VariantName = "[No Variations]"
Add component (AddParameter): Name = "Publisher"; Value = "Wurth Elektronik"; VariantName = "[No Variations]"
Add component (AddParameter): Name = "Rated Current"; Value = "50A"; VariantName = "[No Variations]"
Add component (AddParameter): Name = "Size"; Value = "7x7mm"; VariantName = "[No Variations]"
Add component (AddParameter): Name = "Surface"; Value = "Tin"; VariantName = "[No Variations]"
Add component (AddParameter): Name = "Thread"; Value = "M3"; VariantName = "[No Variations]"
Add component (AddParameter): Name = "Thread Length"; Value = "2.5mm"; VariantName = "[No Variations]"
Add component (AddParameter): Name = "Value"; Value = "M3x2.5mm"; VariantName = "[No Variations]"
Added Component: Designator=J17(74655095)
Add component (AddParameter): Name = "ComponentLink1Description"; Value = "Manufacturer"; VariantName = "[No Variations]"
Add component (AddParameter): Name = "ComponentLink1URL"; Value = "http://www.we-online.de"; VariantName = "[No Variations]"
Add component (AddParameter): Name = "ComponentLink2Description"; Value = "Datasheet"; VariantName = "[No Variations]"
Add component (AddParameter): Name = "ComponentLink2URL"; Value = "https://katalog.we-online.com/em/datasheet/74655095R.pdf"; VariantName = "[No Variations]"
Add component (AddParameter): Name = "Height"; Value = "4mm"; VariantName = "[No Variations]"
Add component (AddParameter): Name = "Manufacturer"; Value = "Wurth Elektronik"; VariantName = "[No Variations]"
Add component (AddParameter): Name = "Material"; Value = "Brass"; VariantName = "[No Variations]"
Add component (AddParameter): Name = "Mounting Technology"; Value = "SMT"; VariantName = "[No Variations]"
Add component (AddParameter): Name = "Operating Temperature"; Value = "-55 to +150degC"; VariantName = "[No Variations]"
Add component (AddParameter): Name = "Packaging"; Value = "Tape and Reel"; VariantName = "[No Variations]"
Add component (AddParameter): Name = "Part Number"; Value = "74655095R"; VariantName = "[No Variations]"
Add component (AddParameter): Name = "Pin Number"; Value = "8"; VariantName = "[No Variations]"
Add component (AddParameter): Name = "Published Date"; Value = "September 2019"; VariantName = "[No Variations]"
Add component (AddParameter): Name = "Publisher"; Value = "Wurth Elektronik"; VariantName = "[No Variations]"
Add component (AddParameter): Name = "Rated Current"; Value = "85A"; VariantName = "[No Variations]"
Add component (AddParameter): Name = "Size"; Value = "10x10mm"; VariantName = "[No Variations]"
Add component (AddParameter): Name = "Surface"; Value = "Tin"; VariantName = "[No Variations]"
Add component (AddParameter): Name = "Thread"; Value = "M5"; VariantName = "[No Variations]"
Add component (AddParameter): Name = "Thread Length"; Value = "3.5mm"; VariantName = "[No Variations]"
Add component (AddParameter): Name = "Value"; Value = "M5x3.5mm"; VariantName = "[No Variations]"
Added Component: Designator=J18(74650073)
Add component (AddParameter): Name = "ComponentLink1Description"; Value = "Manufacturer"; VariantName = "[No Variations]"
Add component (AddParameter): Name = "ComponentLink1URL"; Value = "http://www.we-online.de"; VariantName = "[No Variations]"
Add component (AddParameter): Name = "ComponentLink2Description"; Value = "Datasheet"; VariantName = "[No Variations]"
Add component (AddParameter): Name = "ComponentLink2URL"; Value = "https://katalog.we-online.com/em/datasheet/74650073R.pdf"; VariantName = "[No Variations]"
Add component (AddParameter): Name = "Height"; Value = "3mm"; VariantName = "[No Variations]"
Add component (AddParameter): Name = "Manufacturer"; Value = "Wurth Elektronik"; VariantName = "[No Variations]"
Add component (AddParameter): Name = "Material"; Value = "Brass"; VariantName = "[No Variations]"
Add component (AddParameter): Name = "Mounting Technology"; Value = "SMT"; VariantName = "[No Variations]"
Add component (AddParameter): Name = "Operating Temperature"; Value = "-55 to +150degC"; VariantName = "[No Variations]"
Add component (AddParameter): Name = "Packaging"; Value = "Tape and Reel"; VariantName = "[No Variations]"
Add component (AddParameter): Name = "Part Number"; Value = "74650073R"; VariantName = "[No Variations]"
Add component (AddParameter): Name = "Pin Number"; Value = "4"; VariantName = "[No Variations]"
Add component (AddParameter): Name = "Published Date"; Value = "September 2019"; VariantName = "[No Variations]"
Add component (AddParameter): Name = "Publisher"; Value = "Wurth Elektronik"; VariantName = "[No Variations]"
Add component (AddParameter): Name = "Rated Current"; Value = "50A"; VariantName = "[No Variations]"
Add component (AddParameter): Name = "Size"; Value = "7x7mm"; VariantName = "[No Variations]"
Add component (AddParameter): Name = "Surface"; Value = "Tin"; VariantName = "[No Variations]"
Add component (AddParameter): Name = "Thread"; Value = "M3"; VariantName = "[No Variations]"
Add component (AddParameter): Name = "Thread Length"; Value = "2.5mm"; VariantName = "[No Variations]"
Add component (AddParameter): Name = "Value"; Value = "M3x2.5mm"; VariantName = "[No Variations]"
Added Component: Designator=J19(74655095)
Add component (AddParameter): Name = "ComponentLink1Description"; Value = "Manufacturer"; VariantName = "[No Variations]"
Add component (AddParameter): Name = "ComponentLink1URL"; Value = "http://www.we-online.de"; VariantName = "[No Variations]"
Add component (AddParameter): Name = "ComponentLink2Description"; Value = "Datasheet"; VariantName = "[No Variations]"
Add component (AddParameter): Name = "ComponentLink2URL"; Value = "https://katalog.we-online.com/em/datasheet/74655095R.pdf"; VariantName = "[No Variations]"
Add component (AddParameter): Name = "Height"; Value = "4mm"; VariantName = "[No Variations]"
Add component (AddParameter): Name = "Manufacturer"; Value = "Wurth Elektronik"; VariantName = "[No Variations]"
Add component (AddParameter): Name = "Material"; Value = "Brass"; VariantName = "[No Variations]"
Add component (AddParameter): Name = "Mounting Technology"; Value = "SMT"; VariantName = "[No Variations]"
Add component (AddParameter): Name = "Operating Temperature"; Value = "-55 to +150degC"; VariantName = "[No Variations]"
Add component (AddParameter): Name = "Packaging"; Value = "Tape and Reel"; VariantName = "[No Variations]"
Add component (AddParameter): Name = "Part Number"; Value = "74655095R"; VariantName = "[No Variations]"
Add component (AddParameter): Name = "Pin Number"; Value = "8"; VariantName = "[No Variations]"
Add component (AddParameter): Name = "Published Date"; Value = "September 2019"; VariantName = "[No Variations]"
Add component (AddParameter): Name = "Publisher"; Value = "Wurth Elektronik"; VariantName = "[No Variations]"
Add component (AddParameter): Name = "Rated Current"; Value = "85A"; VariantName = "[No Variations]"
Add component (AddParameter): Name = "Size"; Value = "10x10mm"; VariantName = "[No Variations]"
Add component (AddParameter): Name = "Surface"; Value = "Tin"; VariantName = "[No Variations]"
Add component (AddParameter): Name = "Thread"; Value = "M5"; VariantName = "[No Variations]"
Add component (AddParameter): Name = "Thread Length"; Value = "3.5mm"; VariantName = "[No Variations]"
Add component (AddParameter): Name = "Value"; Value = "M5x3.5mm"; VariantName = "[No Variations]"
Added Component: Designator=J20(74650073)
Add component (AddParameter): Name = "ComponentLink1Description"; Value = "Manufacturer"; VariantName = "[No Variations]"
Add component (AddParameter): Name = "ComponentLink1URL"; Value = "http://www.we-online.de"; VariantName = "[No Variations]"
Add component (AddParameter): Name = "ComponentLink2Description"; Value = "Datasheet"; VariantName = "[No Variations]"
Add component (AddParameter): Name = "ComponentLink2URL"; Value = "https://katalog.we-online.com/em/datasheet/74650073R.pdf"; VariantName = "[No Variations]"
Add component (AddParameter): Name = "Height"; Value = "3mm"; VariantName = "[No Variations]"
Add component (AddParameter): Name = "Manufacturer"; Value = "Wurth Elektronik"; VariantName = "[No Variations]"
Add component (AddParameter): Name = "Material"; Value = "Brass"; VariantName = "[No Variations]"
Add component (AddParameter): Name = "Mounting Technology"; Value = "SMT"; VariantName = "[No Variations]"
Add component (AddParameter): Name = "Operating Temperature"; Value = "-55 to +150degC"; VariantName = "[No Variations]"
Add component (AddParameter): Name = "Packaging"; Value = "Tape and Reel"; VariantName = "[No Variations]"
Add component (AddParameter): Name = "Part Number"; Value = "74650073R"; VariantName = "[No Variations]"
Add component (AddParameter): Name = "Pin Number"; Value = "4"; VariantName = "[No Variations]"
Add component (AddParameter): Name = "Published Date"; Value = "September 2019"; VariantName = "[No Variations]"
Add component (AddParameter): Name = "Publisher"; Value = "Wurth Elektronik"; VariantName = "[No Variations]"
Add component (AddParameter): Name = "Rated Current"; Value = "50A"; VariantName = "[No Variations]"
Add component (AddParameter): Name = "Size"; Value = "7x7mm"; VariantName = "[No Variations]"
Add component (AddParameter): Name = "Surface"; Value = "Tin"; VariantName = "[No Variations]"
Add component (AddParameter): Name = "Thread"; Value = "M3"; VariantName = "[No Variations]"
Add component (AddParameter): Name = "Thread Length"; Value = "2.5mm"; VariantName = "[No Variations]"
Add component (AddParameter): Name = "Value"; Value = "M3x2.5mm"; VariantName = "[No Variations]"
Added Component: Designator=J21(74655095)
Add component (AddParameter): Name = "ComponentLink1Description"; Value = "Manufacturer"; VariantName = "[No Variations]"
Add component (AddParameter): Name = "ComponentLink1URL"; Value = "http://www.we-online.de"; VariantName = "[No Variations]"
Add component (AddParameter): Name = "ComponentLink2Description"; Value = "Datasheet"; VariantName = "[No Variations]"
Add component (AddParameter): Name = "ComponentLink2URL"; Value = "https://katalog.we-online.com/em/datasheet/74655095R.pdf"; VariantName = "[No Variations]"
Add component (AddParameter): Name = "Height"; Value = "4mm"; VariantName = "[No Variations]"
Add component (AddParameter): Name = "Manufacturer"; Value = "Wurth Elektronik"; VariantName = "[No Variations]"
Add component (AddParameter): Name = "Material"; Value = "Brass"; VariantName = "[No Variations]"
Add component (AddParameter): Name = "Mounting Technology"; Value = "SMT"; VariantName = "[No Variations]"
Add component (AddParameter): Name = "Operating Temperature"; Value = "-55 to +150degC"; VariantName = "[No Variations]"
Add component (AddParameter): Name = "Packaging"; Value = "Tape and Reel"; VariantName = "[No Variations]"
Add component (AddParameter): Name = "Part Number"; Value = "74655095R"; VariantName = "[No Variations]"
Add component (AddParameter): Name = "Pin Number"; Value = "8"; VariantName = "[No Variations]"
Add component (AddParameter): Name = "Published Date"; Value = "September 2019"; VariantName = "[No Variations]"
Add component (AddParameter): Name = "Publisher"; Value = "Wurth Elektronik"; VariantName = "[No Variations]"
Add component (AddParameter): Name = "Rated Current"; Value = "85A"; VariantName = "[No Variations]"
Add component (AddParameter): Name = "Size"; Value = "10x10mm"; VariantName = "[No Variations]"
Add component (AddParameter): Name = "Surface"; Value = "Tin"; VariantName = "[No Variations]"
Add component (AddParameter): Name = "Thread"; Value = "M5"; VariantName = "[No Variations]"
Add component (AddParameter): Name = "Thread Length"; Value = "3.5mm"; VariantName = "[No Variations]"
Add component (AddParameter): Name = "Value"; Value = "M5x3.5mm"; VariantName = "[No Variations]"
Added Component: Designator=J22(74650073)
Add component (AddParameter): Name = "ComponentLink1Description"; Value = "Manufacturer"; VariantName = "[No Variations]"
Add component (AddParameter): Name = "ComponentLink1URL"; Value = "http://www.we-online.de"; VariantName = "[No Variations]"
Add component (AddParameter): Name = "ComponentLink2Description"; Value = "Datasheet"; VariantName = "[No Variations]"
Add component (AddParameter): Name = "ComponentLink2URL"; Value = "https://katalog.we-online.com/em/datasheet/74650073R.pdf"; VariantName = "[No Variations]"
Add component (AddParameter): Name = "Height"; Value = "3mm"; VariantName = "[No Variations]"
Add component (AddParameter): Name = "Manufacturer"; Value = "Wurth Elektronik"; VariantName = "[No Variations]"
Add component (AddParameter): Name = "Material"; Value = "Brass"; VariantName = "[No Variations]"
Add component (AddParameter): Name = "Mounting Technology"; Value = "SMT"; VariantName = "[No Variations]"
Add component (AddParameter): Name = "Operating Temperature"; Value = "-55 to +150degC"; VariantName = "[No Variations]"
Add component (AddParameter): Name = "Packaging"; Value = "Tape and Reel"; VariantName = "[No Variations]"
Add component (AddParameter): Name = "Part Number"; Value = "74650073R"; VariantName = "[No Variations]"
Add component (AddParameter): Name = "Pin Number"; Value = "4"; VariantName = "[No Variations]"
Add component (AddParameter): Name = "Published Date"; Value = "September 2019"; VariantName = "[No Variations]"
Add component (AddParameter): Name = "Publisher"; Value = "Wurth Elektronik"; VariantName = "[No Variations]"
Add component (AddParameter): Name = "Rated Current"; Value = "50A"; VariantName = "[No Variations]"
Add component (AddParameter): Name = "Size"; Value = "7x7mm"; VariantName = "[No Variations]"
Add component (AddParameter): Name = "Surface"; Value = "Tin"; VariantName = "[No Variations]"
Add component (AddParameter): Name = "Thread"; Value = "M3"; VariantName = "[No Variations]"
Add component (AddParameter): Name = "Thread Length"; Value = "2.5mm"; VariantName = "[No Variations]"
Add component (AddParameter): Name = "Value"; Value = "M3x2.5mm"; VariantName = "[No Variations]"
Added Component: Designator=J23(74655095)
Add component (AddParameter): Name = "ComponentLink1Description"; Value = "Manufacturer"; VariantName = "[No Variations]"
Add component (AddParameter): Name = "ComponentLink1URL"; Value = "http://www.we-online.de"; VariantName = "[No Variations]"
Add component (AddParameter): Name = "ComponentLink2Description"; Value = "Datasheet"; VariantName = "[No Variations]"
Add component (AddParameter): Name = "ComponentLink2URL"; Value = "https://katalog.we-online.com/em/datasheet/74655095R.pdf"; VariantName = "[No Variations]"
Add component (AddParameter): Name = "Height"; Value = "4mm"; VariantName = "[No Variations]"
Add component (AddParameter): Name = "Manufacturer"; Value = "Wurth Elektronik"; VariantName = "[No Variations]"
Add component (AddParameter): Name = "Material"; Value = "Brass"; VariantName = "[No Variations]"
Add component (AddParameter): Name = "Mounting Technology"; Value = "SMT"; VariantName = "[No Variations]"
Add component (AddParameter): Name = "Operating Temperature"; Value = "-55 to +150degC"; VariantName = "[No Variations]"
Add component (AddParameter): Name = "Packaging"; Value = "Tape and Reel"; VariantName = "[No Variations]"
Add component (AddParameter): Name = "Part Number"; Value = "74655095R"; VariantName = "[No Variations]"
Add component (AddParameter): Name = "Pin Number"; Value = "8"; VariantName = "[No Variations]"
Add component (AddParameter): Name = "Published Date"; Value = "September 2019"; VariantName = "[No Variations]"
Add component (AddParameter): Name = "Publisher"; Value = "Wurth Elektronik"; VariantName = "[No Variations]"
Add component (AddParameter): Name = "Rated Current"; Value = "85A"; VariantName = "[No Variations]"
Add component (AddParameter): Name = "Size"; Value = "10x10mm"; VariantName = "[No Variations]"
Add component (AddParameter): Name = "Surface"; Value = "Tin"; VariantName = "[No Variations]"
Add component (AddParameter): Name = "Thread"; Value = "M5"; VariantName = "[No Variations]"
Add component (AddParameter): Name = "Thread Length"; Value = "3.5mm"; VariantName = "[No Variations]"
Add component (AddParameter): Name = "Value"; Value = "M5x3.5mm"; VariantName = "[No Variations]"
Added Component: Designator=J24(74650073)
Add component (AddParameter): Name = "ComponentLink1Description"; Value = "Manufacturer"; VariantName = "[No Variations]"
Add component (AddParameter): Name = "ComponentLink1URL"; Value = "http://www.we-online.de"; VariantName = "[No Variations]"
Add component (AddParameter): Name = "ComponentLink2Description"; Value = "Datasheet"; VariantName = "[No Variations]"
Add component (AddParameter): Name = "ComponentLink2URL"; Value = "https://katalog.we-online.com/em/datasheet/74650073R.pdf"; VariantName = "[No Variations]"
Add component (AddParameter): Name = "Height"; Value = "3mm"; VariantName = "[No Variations]"
Add component (AddParameter): Name = "Manufacturer"; Value = "Wurth Elektronik"; VariantName = "[No Variations]"
Add component (AddParameter): Name = "Material"; Value = "Brass"; VariantName = "[No Variations]"
Add component (AddParameter): Name = "Mounting Technology"; Value = "SMT"; VariantName = "[No Variations]"
Add component (AddParameter): Name = "Operating Temperature"; Value = "-55 to +150degC"; VariantName = "[No Variations]"
Add component (AddParameter): Name = "Packaging"; Value = "Tape and Reel"; VariantName = "[No Variations]"
Add component (AddParameter): Name = "Part Number"; Value = "74650073R"; VariantName = "[No Variations]"
Add component (AddParameter): Name = "Pin Number"; Value = "4"; VariantName = "[No Variations]"
Add component (AddParameter): Name = "Published Date"; Value = "September 2019"; VariantName = "[No Variations]"
Add component (AddParameter): Name = "Publisher"; Value = "Wurth Elektronik"; VariantName = "[No Variations]"
Add component (AddParameter): Name = "Rated Current"; Value = "50A"; VariantName = "[No Variations]"
Add component (AddParameter): Name = "Size"; Value = "7x7mm"; VariantName = "[No Variations]"
Add component (AddParameter): Name = "Surface"; Value = "Tin"; VariantName = "[No Variations]"
Add component (AddParameter): Name = "Thread"; Value = "M3"; VariantName = "[No Variations]"
Add component (AddParameter): Name = "Thread Length"; Value = "2.5mm"; VariantName = "[No Variations]"
Add component (AddParameter): Name = "Value"; Value = "M3x2.5mm"; VariantName = "[No Variations]"
Added Component: Designator=J25(74655095)
Add component (AddParameter): Name = "ComponentLink1Description"; Value = "Manufacturer"; VariantName = "[No Variations]"
Add component (AddParameter): Name = "ComponentLink1URL"; Value = "http://www.we-online.de"; VariantName = "[No Variations]"
Add component (AddParameter): Name = "ComponentLink2Description"; Value = "Datasheet"; VariantName = "[No Variations]"
Add component (AddParameter): Name = "ComponentLink2URL"; Value = "https://katalog.we-online.com/em/datasheet/74655095R.pdf"; VariantName = "[No Variations]"
Add component (AddParameter): Name = "Height"; Value = "4mm"; VariantName = "[No Variations]"
Add component (AddParameter): Name = "Manufacturer"; Value = "Wurth Elektronik"; VariantName = "[No Variations]"
Add component (AddParameter): Name = "Material"; Value = "Brass"; VariantName = "[No Variations]"
Add component (AddParameter): Name = "Mounting Technology"; Value = "SMT"; VariantName = "[No Variations]"
Add component (AddParameter): Name = "Operating Temperature"; Value = "-55 to +150degC"; VariantName = "[No Variations]"
Add component (AddParameter): Name = "Packaging"; Value = "Tape and Reel"; VariantName = "[No Variations]"
Add component (AddParameter): Name = "Part Number"; Value = "74655095R"; VariantName = "[No Variations]"
Add component (AddParameter): Name = "Pin Number"; Value = "8"; VariantName = "[No Variations]"
Add component (AddParameter): Name = "Published Date"; Value = "September 2019"; VariantName = "[No Variations]"
Add component (AddParameter): Name = "Publisher"; Value = "Wurth Elektronik"; VariantName = "[No Variations]"
Add component (AddParameter): Name = "Rated Current"; Value = "85A"; VariantName = "[No Variations]"
Add component (AddParameter): Name = "Size"; Value = "10x10mm"; VariantName = "[No Variations]"
Add component (AddParameter): Name = "Surface"; Value = "Tin"; VariantName = "[No Variations]"
Add component (AddParameter): Name = "Thread"; Value = "M5"; VariantName = "[No Variations]"
Add component (AddParameter): Name = "Thread Length"; Value = "3.5mm"; VariantName = "[No Variations]"
Add component (AddParameter): Name = "Value"; Value = "M5x3.5mm"; VariantName = "[No Variations]"
Added Component: Designator=J26(74650073)
Add component (AddParameter): Name = "ComponentLink1Description"; Value = "Manufacturer"; VariantName = "[No Variations]"
Add component (AddParameter): Name = "ComponentLink1URL"; Value = "http://www.we-online.de"; VariantName = "[No Variations]"
Add component (AddParameter): Name = "ComponentLink2Description"; Value = "Datasheet"; VariantName = "[No Variations]"
Add component (AddParameter): Name = "ComponentLink2URL"; Value = "https://katalog.we-online.com/em/datasheet/74650073R.pdf"; VariantName = "[No Variations]"
Add component (AddParameter): Name = "Height"; Value = "3mm"; VariantName = "[No Variations]"
Add component (AddParameter): Name = "Manufacturer"; Value = "Wurth Elektronik"; VariantName = "[No Variations]"
Add component (AddParameter): Name = "Material"; Value = "Brass"; VariantName = "[No Variations]"
Add component (AddParameter): Name = "Mounting Technology"; Value = "SMT"; VariantName = "[No Variations]"
Add component (AddParameter): Name = "Operating Temperature"; Value = "-55 to +150degC"; VariantName = "[No Variations]"
Add component (AddParameter): Name = "Packaging"; Value = "Tape and Reel"; VariantName = "[No Variations]"
Add component (AddParameter): Name = "Part Number"; Value = "74650073R"; VariantName = "[No Variations]"
Add component (AddParameter): Name = "Pin Number"; Value = "4"; VariantName = "[No Variations]"
Add component (AddParameter): Name = "Published Date"; Value = "September 2019"; VariantName = "[No Variations]"
Add component (AddParameter): Name = "Publisher"; Value = "Wurth Elektronik"; VariantName = "[No Variations]"
Add component (AddParameter): Name = "Rated Current"; Value = "50A"; VariantName = "[No Variations]"
Add component (AddParameter): Name = "Size"; Value = "7x7mm"; VariantName = "[No Variations]"
Add component (AddParameter): Name = "Surface"; Value = "Tin"; VariantName = "[No Variations]"
Add component (AddParameter): Name = "Thread"; Value = "M3"; VariantName = "[No Variations]"
Add component (AddParameter): Name = "Thread Length"; Value = "2.5mm"; VariantName = "[No Variations]"
Add component (AddParameter): Name = "Value"; Value = "M3x2.5mm"; VariantName = "[No Variations]"
Added Component: Designator=J27(74655095)
Add component (AddParameter): Name = "ComponentLink1Description"; Value = "Manufacturer"; VariantName = "[No Variations]"
Add component (AddParameter): Name = "ComponentLink1URL"; Value = "http://www.we-online.de"; VariantName = "[No Variations]"
Add component (AddParameter): Name = "ComponentLink2Description"; Value = "Datasheet"; VariantName = "[No Variations]"
Add component (AddParameter): Name = "ComponentLink2URL"; Value = "https://katalog.we-online.com/em/datasheet/74655095R.pdf"; VariantName = "[No Variations]"
Add component (AddParameter): Name = "Height"; Value = "4mm"; VariantName = "[No Variations]"
Add component (AddParameter): Name = "Manufacturer"; Value = "Wurth Elektronik"; VariantName = "[No Variations]"
Add component (AddParameter): Name = "Material"; Value = "Brass"; VariantName = "[No Variations]"
Add component (AddParameter): Name = "Mounting Technology"; Value = "SMT"; VariantName = "[No Variations]"
Add component (AddParameter): Name = "Operating Temperature"; Value = "-55 to +150degC"; VariantName = "[No Variations]"
Add component (AddParameter): Name = "Packaging"; Value = "Tape and Reel"; VariantName = "[No Variations]"
Add component (AddParameter): Name = "Part Number"; Value = "74655095R"; VariantName = "[No Variations]"
Add component (AddParameter): Name = "Pin Number"; Value = "8"; VariantName = "[No Variations]"
Add component (AddParameter): Name = "Published Date"; Value = "September 2019"; VariantName = "[No Variations]"
Add component (AddParameter): Name = "Publisher"; Value = "Wurth Elektronik"; VariantName = "[No Variations]"
Add component (AddParameter): Name = "Rated Current"; Value = "85A"; VariantName = "[No Variations]"
Add component (AddParameter): Name = "Size"; Value = "10x10mm"; VariantName = "[No Variations]"
Add component (AddParameter): Name = "Surface"; Value = "Tin"; VariantName = "[No Variations]"
Add component (AddParameter): Name = "Thread"; Value = "M5"; VariantName = "[No Variations]"
Add component (AddParameter): Name = "Thread Length"; Value = "3.5mm"; VariantName = "[No Variations]"
Add component (AddParameter): Name = "Value"; Value = "M5x3.5mm"; VariantName = "[No Variations]"
Added Component: Designator=J28(74650073)
Add component (AddParameter): Name = "ComponentLink1Description"; Value = "Manufacturer"; VariantName = "[No Variations]"
Add component (AddParameter): Name = "ComponentLink1URL"; Value = "http://www.we-online.de"; VariantName = "[No Variations]"
Add component (AddParameter): Name = "ComponentLink2Description"; Value = "Datasheet"; VariantName = "[No Variations]"
Add component (AddParameter): Name = "ComponentLink2URL"; Value = "https://katalog.we-online.com/em/datasheet/74650073R.pdf"; VariantName = "[No Variations]"
Add component (AddParameter): Name = "Height"; Value = "3mm"; VariantName = "[No Variations]"
Add component (AddParameter): Name = "Manufacturer"; Value = "Wurth Elektronik"; VariantName = "[No Variations]"
Add component (AddParameter): Name = "Material"; Value = "Brass"; VariantName = "[No Variations]"
Add component (AddParameter): Name = "Mounting Technology"; Value = "SMT"; VariantName = "[No Variations]"
Add component (AddParameter): Name = "Operating Temperature"; Value = "-55 to +150degC"; VariantName = "[No Variations]"
Add component (AddParameter): Name = "Packaging"; Value = "Tape and Reel"; VariantName = "[No Variations]"
Add component (AddParameter): Name = "Part Number"; Value = "74650073R"; VariantName = "[No Variations]"
Add component (AddParameter): Name = "Pin Number"; Value = "4"; VariantName = "[No Variations]"
Add component (AddParameter): Name = "Published Date"; Value = "September 2019"; VariantName = "[No Variations]"
Add component (AddParameter): Name = "Publisher"; Value = "Wurth Elektronik"; VariantName = "[No Variations]"
Add component (AddParameter): Name = "Rated Current"; Value = "50A"; VariantName = "[No Variations]"
Add component (AddParameter): Name = "Size"; Value = "7x7mm"; VariantName = "[No Variations]"
Add component (AddParameter): Name = "Surface"; Value = "Tin"; VariantName = "[No Variations]"
Add component (AddParameter): Name = "Thread"; Value = "M3"; VariantName = "[No Variations]"
Add component (AddParameter): Name = "Thread Length"; Value = "2.5mm"; VariantName = "[No Variations]"
Add component (AddParameter): Name = "Value"; Value = "M3x2.5mm"; VariantName = "[No Variations]"
Added Component: Designator=J29(FP-B2B-XH-A_LF_SN-MFG)
Add component (AddParameter): Name = "ComponentLink2Description"; Value = "Datasheet"; VariantName = "[No Variations]"
Add component (AddParameter): Name = "ComponentLink2URL"; Value = "http://www.jst-mfg.com/product/pdf/eng/eXH.pdf?5d9b3ba19c79b"; VariantName = "[No Variations]"
Add component (AddParameter): Name = "Manufacturer"; Value = "JST"; VariantName = "[No Variations]"
Add component (AddParameter): Name = "Part Number"; Value = "B2B-XH-A(LF)(SN)"; VariantName = "[No Variations]"
Add component (AddParameter): Name = "Value"; Value = "JST-XH 2POS VERT"; VariantName = "[No Variations]"
Added Component: Designator=J30(JST_B4B-XH-A_LF_SN_0)
Add component (AddParameter): Name = "ComponentLink1Description"; Value = "Upverter"; VariantName = "[No Variations]"
Add component (AddParameter): Name = "ComponentLink1URL"; Value = "https://upverter.com/upn/revision/ec0bbf06de5e0de7/"; VariantName = "[No Variations]"
Add component (AddParameter): Name = "ComponentLink2Description"; Value = "Datasheet"; VariantName = "[No Variations]"
Add component (AddParameter): Name = "ComponentLink2URL"; Value = "http://www.jst-mfg.com/product/pdf/eng/eXH.pdf"; VariantName = "[No Variations]"
Add component (AddParameter): Name = "Manufacturer"; Value = "JST"; VariantName = "[No Variations]"
Add component (AddParameter): Name = "Part Number"; Value = "B4B-XH-A(LF)(SN)"; VariantName = "[No Variations]"
Add component (AddParameter): Name = "Value"; Value = "JST-XH 4POS VERT"; VariantName = "[No Variations]"
Added Component: Designator=R1(RMCF0805)
Add component (AddParameter): Name = "Manufacturer"; Value = "Stackpole Electronics Inc"; VariantName = "[No Variations]"
Add component (AddParameter): Name = "Part Number"; Value = "RMCF0805FT100K"; VariantName = "[No Variations]"
Add component (AddParameter): Name = "Value"; Value = "100kO"; VariantName = "[No Variations]"
Added Component: Designator=R2(RMCF0805)
Add component (AddParameter): Name = "Manufacturer"; Value = "Stackpole Electronics Inc"; VariantName = "[No Variations]"
Add component (AddParameter): Name = "Part Number"; Value = "RMCF0805FT100K"; VariantName = "[No Variations]"
Add component (AddParameter): Name = "Value"; Value = "100kO"; VariantName = "[No Variations]"
Added Component: Designator=R3(RMCF0805)
Add component (AddParameter): Name = "Manufacturer"; Value = "Stackpole Electronics Inc"; VariantName = "[No Variations]"
Add component (AddParameter): Name = "Part Number"; Value = "RMCF0805FT100K"; VariantName = "[No Variations]"
Add component (AddParameter): Name = "Value"; Value = "100kO"; VariantName = "[No Variations]"
Added Component: Designator=U1(IRF4905STRLPBF)
Add component (AddParameter): Name = "ComponentLink1Description"; Value = "DigiKey"; VariantName = "[No Variations]"
Add component (AddParameter): Name = "ComponentLink1URL"; Value = "https://www.digikey.com/en/products/detail/infineon-technologies/IRF4905STRLPBF/2440973"; VariantName = "[No Variations]"
Add component (AddParameter): Name = "Manufacturer"; Value = "Infineon Technologies"; VariantName = "[No Variations]"
Add component (AddParameter): Name = "Part Number"; Value = "IRF4905STRLPBF"; VariantName = "[No Variations]"
Add component (AddParameter): Name = "Value"; Value = "P-CH FET 55V"; VariantName = "[No Variations]"
Added Component: Designator=U2(BMR4800116/005)
Add component (AddParameter): Name = "ComponentLink1Description"; Value = "DigiKey"; VariantName = "[No Variations]"
Add component (AddParameter): Name = "ComponentLink1URL"; Value = "https://www.digikey.com/en/products/detail/flex-power-modules/BMR4800116-005/10287606"; VariantName = "[No Variations]"
Add component (AddParameter): Name = "Manufacturer"; Value = "Flex Power Modules"; VariantName = "[No Variations]"
Add component (AddParameter): Name = "Part Number"; Value = "BMR4800116/005"; VariantName = "[No Variations]"
Add component (AddParameter): Name = "Value"; Value = "48V/12V DCDC "; VariantName = "[No Variations]"
Added Pin To Net: NetName=12V Pin=C3-1
Added Pin To Net: NetName=12V Pin=C4-1
Added Pin To Net: NetName=12V Pin=C5-1
Added Pin To Net: NetName=12V Pin=C6-1
Added Pin To Net: NetName=12V Pin=C7-2
Added Pin To Net: NetName=12V Pin=J3-1
Added Pin To Net: NetName=12V Pin=J4-1
Added Pin To Net: NetName=12V Pin=J5-1
Added Pin To Net: NetName=12V Pin=J6-1
Added Pin To Net: NetName=12V Pin=J7-1
Added Pin To Net: NetName=12V Pin=J8-1
Added Pin To Net: NetName=12V Pin=J9-1
Added Pin To Net: NetName=12V Pin=J9-1
Added Pin To Net: NetName=12V Pin=J9-1
Added Pin To Net: NetName=12V Pin=J9-1
Added Pin To Net: NetName=12V Pin=J11-1
Added Pin To Net: NetName=12V Pin=J11-1
Added Pin To Net: NetName=12V Pin=J11-1
Added Pin To Net: NetName=12V Pin=J11-1
Added Pin To Net: NetName=12V Pin=J11-1
Added Pin To Net: NetName=12V Pin=J11-1
Added Pin To Net: NetName=12V Pin=J11-1
Added Pin To Net: NetName=12V Pin=J11-1
Added Pin To Net: NetName=12V Pin=J13-1
Added Pin To Net: NetName=12V Pin=J13-1
Added Pin To Net: NetName=12V Pin=J13-1
Added Pin To Net: NetName=12V Pin=J13-1
Added Pin To Net: NetName=12V Pin=J13-1
Added Pin To Net: NetName=12V Pin=J13-1
Added Pin To Net: NetName=12V Pin=J13-1
Added Pin To Net: NetName=12V Pin=J13-1
Added Pin To Net: NetName=12V Pin=J15-1
Added Pin To Net: NetName=12V Pin=J15-1
Added Pin To Net: NetName=12V Pin=J15-1
Added Pin To Net: NetName=12V Pin=J15-1
Added Pin To Net: NetName=12V Pin=J15-1
Added Pin To Net: NetName=12V Pin=J15-1
Added Pin To Net: NetName=12V Pin=J15-1
Added Pin To Net: NetName=12V Pin=J15-1
Added Pin To Net: NetName=12V Pin=J17-1
Added Pin To Net: NetName=12V Pin=J17-1
Added Pin To Net: NetName=12V Pin=J17-1
Added Pin To Net: NetName=12V Pin=J17-1
Added Pin To Net: NetName=12V Pin=J17-1
Added Pin To Net: NetName=12V Pin=J17-1
Added Pin To Net: NetName=12V Pin=J17-1
Added Pin To Net: NetName=12V Pin=J17-1
Added Pin To Net: NetName=12V Pin=J19-1
Added Pin To Net: NetName=12V Pin=J19-1
Added Pin To Net: NetName=12V Pin=J19-1
Added Pin To Net: NetName=12V Pin=J19-1
Added Pin To Net: NetName=12V Pin=J19-1
Added Pin To Net: NetName=12V Pin=J19-1
Added Pin To Net: NetName=12V Pin=J19-1
Added Pin To Net: NetName=12V Pin=J19-1
Added Pin To Net: NetName=12V Pin=J21-1
Added Pin To Net: NetName=12V Pin=J21-1
Added Pin To Net: NetName=12V Pin=J21-1
Added Pin To Net: NetName=12V Pin=J21-1
Added Pin To Net: NetName=12V Pin=J21-1
Added Pin To Net: NetName=12V Pin=J21-1
Added Pin To Net: NetName=12V Pin=J21-1
Added Pin To Net: NetName=12V Pin=J21-1
Added Pin To Net: NetName=12V Pin=J23-1
Added Pin To Net: NetName=12V Pin=J23-1
Added Pin To Net: NetName=12V Pin=J23-1
Added Pin To Net: NetName=12V Pin=J23-1
Added Pin To Net: NetName=12V Pin=J23-1
Added Pin To Net: NetName=12V Pin=J23-1
Added Pin To Net: NetName=12V Pin=J23-1
Added Pin To Net: NetName=12V Pin=J23-1
Added Pin To Net: NetName=12V Pin=J25-1
Added Pin To Net: NetName=12V Pin=J25-1
Added Pin To Net: NetName=12V Pin=J25-1
Added Pin To Net: NetName=12V Pin=J25-1
Added Pin To Net: NetName=12V Pin=J25-1
Added Pin To Net: NetName=12V Pin=J25-1
Added Pin To Net: NetName=12V Pin=J25-1
Added Pin To Net: NetName=12V Pin=J25-1
Added Pin To Net: NetName=12V Pin=J27-1
Added Pin To Net: NetName=12V Pin=J27-1
Added Pin To Net: NetName=12V Pin=J27-1
Added Pin To Net: NetName=12V Pin=J27-1
Added Pin To Net: NetName=12V Pin=J27-1
Added Pin To Net: NetName=12V Pin=J27-1
Added Pin To Net: NetName=12V Pin=J27-1
Added Pin To Net: NetName=12V Pin=J27-1
Added Pin To Net: NetName=12V Pin=U2-7
Added Pin To Net: NetName=12V Pin=U2-7
Added Net: Name=12V
Added Pin To Net: NetName=48V Pin=F1-1
Added Pin To Net: NetName=48V Pin=J1-1
Added Pin To Net: NetName=48V Pin=J1-1
Added Pin To Net: NetName=48V Pin=J1-1
Added Pin To Net: NetName=48V Pin=J1-1
Added Pin To Net: NetName=48V Pin=J1-1
Added Pin To Net: NetName=48V Pin=J1-1
Added Pin To Net: NetName=48V Pin=J1-1
Added Pin To Net: NetName=48V Pin=J1-1
Added Net: Name=48V
Added Pin To Net: NetName=GND Pin=C1-2
Added Pin To Net: NetName=GND Pin=C3-2
Added Pin To Net: NetName=GND Pin=C4-2
Added Pin To Net: NetName=GND Pin=C5-2
Added Pin To Net: NetName=GND Pin=C6-2
Added Pin To Net: NetName=GND Pin=C7-1
Added Pin To Net: NetName=GND Pin=J2-1
Added Pin To Net: NetName=GND Pin=J2-1
Added Pin To Net: NetName=GND Pin=J2-1
Added Pin To Net: NetName=GND Pin=J2-1
Added Pin To Net: NetName=GND Pin=J2-1
Added Pin To Net: NetName=GND Pin=J2-1
Added Pin To Net: NetName=GND Pin=J2-1
Added Pin To Net: NetName=GND Pin=J2-1
Added Pin To Net: NetName=GND Pin=J3-2
Added Pin To Net: NetName=GND Pin=J4-2
Added Pin To Net: NetName=GND Pin=J5-2
Added Pin To Net: NetName=GND Pin=J6-2
Added Pin To Net: NetName=GND Pin=J7-2
Added Pin To Net: NetName=GND Pin=J8-2
Added Pin To Net: NetName=GND Pin=J10-1
Added Pin To Net: NetName=GND Pin=J10-1
Added Pin To Net: NetName=GND Pin=J10-1
Added Pin To Net: NetName=GND Pin=J10-1
Added Pin To Net: NetName=GND Pin=J12-1
Added Pin To Net: NetName=GND Pin=J12-1
Added Pin To Net: NetName=GND Pin=J12-1
Added Pin To Net: NetName=GND Pin=J12-1
Added Pin To Net: NetName=GND Pin=J14-1
Added Pin To Net: NetName=GND Pin=J14-1
Added Pin To Net: NetName=GND Pin=J14-1
Added Pin To Net: NetName=GND Pin=J14-1
Added Pin To Net: NetName=GND Pin=J16-1
Added Pin To Net: NetName=GND Pin=J16-1
Added Pin To Net: NetName=GND Pin=J16-1
Added Pin To Net: NetName=GND Pin=J16-1
Added Pin To Net: NetName=GND Pin=J18-1
Added Pin To Net: NetName=GND Pin=J18-1
Added Pin To Net: NetName=GND Pin=J18-1
Added Pin To Net: NetName=GND Pin=J18-1
Added Pin To Net: NetName=GND Pin=J20-1
Added Pin To Net: NetName=GND Pin=J20-1
Added Pin To Net: NetName=GND Pin=J20-1
Added Pin To Net: NetName=GND Pin=J20-1
Added Pin To Net: NetName=GND Pin=J22-1
Added Pin To Net: NetName=GND Pin=J22-1
Added Pin To Net: NetName=GND Pin=J22-1
Added Pin To Net: NetName=GND Pin=J22-1
Added Pin To Net: NetName=GND Pin=J24-1
Added Pin To Net: NetName=GND Pin=J24-1
Added Pin To Net: NetName=GND Pin=J24-1
Added Pin To Net: NetName=GND Pin=J24-1
Added Pin To Net: NetName=GND Pin=J26-1
Added Pin To Net: NetName=GND Pin=J26-1
Added Pin To Net: NetName=GND Pin=J26-1
Added Pin To Net: NetName=GND Pin=J26-1
Added Pin To Net: NetName=GND Pin=J28-1
Added Pin To Net: NetName=GND Pin=J28-1
Added Pin To Net: NetName=GND Pin=J28-1
Added Pin To Net: NetName=GND Pin=J28-1
Added Pin To Net: NetName=GND Pin=J29-2
Added Pin To Net: NetName=GND Pin=J30-4
Added Pin To Net: NetName=GND Pin=R1-1
Added Pin To Net: NetName=GND Pin=R2-1
Added Pin To Net: NetName=GND Pin=R3-1
Added Pin To Net: NetName=GND Pin=U2-3
Added Pin To Net: NetName=GND Pin=U2-4
Added Pin To Net: NetName=GND Pin=U2-4
Added Pin To Net: NetName=GND Pin=U2-9
Added Pin To Net: NetName=GND Pin=U2-10
Added Net: Name=GND
Added Pin To Net: NetName=NetD1_1 Pin=D1-1
Added Pin To Net: NetName=NetD1_1 Pin=R1-2
Added Pin To Net: NetName=NetD1_1 Pin=U1-G
Added Net: Name=NetD1_1
Added Pin To Net: NetName=NetF1_2 Pin=F1-2
Added Pin To Net: NetName=NetF1_2 Pin=U1-D
Added Net: Name=NetF1_2
Added Pin To Net: NetName=RC Pin=J29-1
Added Pin To Net: NetName=RC Pin=U2-2
Added Net: Name=RC
Added Pin To Net: NetName=SA0 Pin=R3-2
Added Pin To Net: NetName=SA0 Pin=U2-15
Added Net: Name=SA0
Added Pin To Net: NetName=SA1 Pin=R2-2
Added Pin To Net: NetName=SA1 Pin=U2-14
Added Net: Name=SA1
Added Pin To Net: NetName=SALERT Pin=J30-3
Added Pin To Net: NetName=SALERT Pin=U2-12
Added Net: Name=SALERT
Added Pin To Net: NetName=SCL Pin=J30-2
Added Pin To Net: NetName=SCL Pin=U2-13
Added Net: Name=SCL
Added Pin To Net: NetName=SDA Pin=J30-1
Added Pin To Net: NetName=SDA Pin=U2-11
Added Net: Name=SDA
Added Pin To Net: NetName=VIN Pin=C1-1
Added Pin To Net: NetName=VIN Pin=D1-3
Added Pin To Net: NetName=VIN Pin=U1-S
Added Pin To Net: NetName=VIN Pin=U2-1
Added Net: Name=VIN
Added Class: Name=DCDC_4812
