Change Component Footprint: Designator=J3 Old Footprint=FP-B2B-XH-A_LF_SN-MFG New Footprint=FP-B2B-XH-A_LF_SN-MFG
Change Component Footprint: Designator=J4 Old Footprint=FP-B2B-XH-A_LF_SN-MFG New Footprint=FP-B2B-XH-A_LF_SN-MFG
Change Component Footprint: Designator=J5 Old Footprint=FP-B2B-XH-A_LF_SN-MFG New Footprint=FP-B2B-XH-A_LF_SN-MFG
Change Component Footprint: Designator=J6 Old Footprint=FP-B2B-XH-A_LF_SN-MFG New Footprint=FP-B2B-XH-A_LF_SN-MFG
Change Component Footprint: Designator=J7 Old Footprint=FP-B2B-XH-A_LF_SN-MFG New Footprint=FP-B2B-XH-A_LF_SN-MFG
Change Component Footprint: Designator=J8 Old Footprint=FP-B2B-XH-A_LF_SN-MFG New Footprint=FP-B2B-XH-A_LF_SN-MFG
Change Component Footprint: Designator=J29 Old Footprint=FP-B2B-XH-A_LF_SN-MFG New Footprint=FP-B2B-XH-A_LF_SN-MFG
Change Component Comment : Designator=J11 Old Comment=M5x3.5mm New Comment=M3x2.5mm
Change Component Comment : Designator=J13 Old Comment=M5x3.5mm New Comment=M3x2.5mm
Change Component Comment : Designator=J15 Old Comment=M5x3.5mm New Comment=M3x2.5mm
Change Component Comment : Designator=J17 Old Comment=M5x3.5mm New Comment=M3x2.5mm
Change Component Comment : Designator=J19 Old Comment=M5x3.5mm New Comment=M3x2.5mm
Change Component Comment : Designator=J21 Old Comment=M5x3.5mm New Comment=M3x2.5mm
Change Component Comment : Designator=J23 Old Comment=M5x3.5mm New Comment=M3x2.5mm
Change Component Comment : Designator=J25 Old Comment=M5x3.5mm New Comment=M3x2.5mm
Change Component Comment : Designator=J27 Old Comment=M5x3.5mm New Comment=M3x2.5mm
Change component parameters: Designator = "J11" ("J11"); Footprint = "74655095"; UniqueID = "\FAZZFKGV" ("\FAZZFKGV")
Change component parameters (AddParameter): Name = "ComponentLink1Description"; Value = "Manufacturer"; VariantName = "[No Variations]"
Change component parameters (AddParameter): Name = "ComponentLink1URL"; Value = "http://www.we-online.de"; VariantName = "[No Variations]"
Change component parameters (AddParameter): Name = "ComponentLink2Description"; Value = "Datasheet"; VariantName = "[No Variations]"
Change component parameters (AddParameter): Name = "ComponentLink2URL"; Value = "https://katalog.we-online.com/em/datasheet/74650073R.pdf"; VariantName = "[No Variations]"
Change component parameters (AddParameter): Name = "Height"; Value = "3mm"; VariantName = "[No Variations]"
Change component parameters (AddParameter): Name = "Manufacturer"; Value = "Wurth Elektronik"; VariantName = "[No Variations]"
Change component parameters (AddParameter): Name = "Material"; Value = "Brass"; VariantName = "[No Variations]"
Change component parameters (AddParameter): Name = "Mounting Technology"; Value = "SMT"; VariantName = "[No Variations]"
Change component parameters (AddParameter): Name = "Operating Temperature"; Value = "-55 to +150degC"; VariantName = "[No Variations]"
Change component parameters (AddParameter): Name = "Packaging"; Value = "Tape and Reel"; VariantName = "[No Variations]"
Change component parameters (AddParameter): Name = "Part Number"; Value = "74650073R"; VariantName = "[No Variations]"
Change component parameters (AddParameter): Name = "Pin Number"; Value = "4"; VariantName = "[No Variations]"
Change component parameters (AddParameter): Name = "Published Date"; Value = "September 2019"; VariantName = "[No Variations]"
Change component parameters (AddParameter): Name = "Publisher"; Value = "Wurth Elektronik"; VariantName = "[No Variations]"
Change component parameters (AddParameter): Name = "Rated Current"; Value = "50A"; VariantName = "[No Variations]"
Change component parameters (AddParameter): Name = "Size"; Value = "7x7mm"; VariantName = "[No Variations]"
Change component parameters (AddParameter): Name = "Surface"; Value = "Tin"; VariantName = "[No Variations]"
Change component parameters (AddParameter): Name = "Thread"; Value = "M3"; VariantName = "[No Variations]"
Change component parameters (AddParameter): Name = "Thread Length"; Value = "2.5mm"; VariantName = "[No Variations]"
Change component parameters (AddParameter): Name = "Value"; Value = "M3x2.5mm"; VariantName = "[No Variations]"
Change component parameters: Designator = "J13" ("J13"); Footprint = "74655095"; UniqueID = "\XRTUUOHB" ("\XRTUUOHB")
Change component parameters (AddParameter): Name = "ComponentLink1Description"; Value = "Manufacturer"; VariantName = "[No Variations]"
Change component parameters (AddParameter): Name = "ComponentLink1URL"; Value = "http://www.we-online.de"; VariantName = "[No Variations]"
Change component parameters (AddParameter): Name = "ComponentLink2Description"; Value = "Datasheet"; VariantName = "[No Variations]"
Change component parameters (AddParameter): Name = "ComponentLink2URL"; Value = "https://katalog.we-online.com/em/datasheet/74650073R.pdf"; VariantName = "[No Variations]"
Change component parameters (AddParameter): Name = "Height"; Value = "3mm"; VariantName = "[No Variations]"
Change component parameters (AddParameter): Name = "Manufacturer"; Value = "Wurth Elektronik"; VariantName = "[No Variations]"
Change component parameters (AddParameter): Name = "Material"; Value = "Brass"; VariantName = "[No Variations]"
Change component parameters (AddParameter): Name = "Mounting Technology"; Value = "SMT"; VariantName = "[No Variations]"
Change component parameters (AddParameter): Name = "Operating Temperature"; Value = "-55 to +150degC"; VariantName = "[No Variations]"
Change component parameters (AddParameter): Name = "Packaging"; Value = "Tape and Reel"; VariantName = "[No Variations]"
Change component parameters (AddParameter): Name = "Part Number"; Value = "74650073R"; VariantName = "[No Variations]"
Change component parameters (AddParameter): Name = "Pin Number"; Value = "4"; VariantName = "[No Variations]"
Change component parameters (AddParameter): Name = "Published Date"; Value = "September 2019"; VariantName = "[No Variations]"
Change component parameters (AddParameter): Name = "Publisher"; Value = "Wurth Elektronik"; VariantName = "[No Variations]"
Change component parameters (AddParameter): Name = "Rated Current"; Value = "50A"; VariantName = "[No Variations]"
Change component parameters (AddParameter): Name = "Size"; Value = "7x7mm"; VariantName = "[No Variations]"
Change component parameters (AddParameter): Name = "Surface"; Value = "Tin"; VariantName = "[No Variations]"
Change component parameters (AddParameter): Name = "Thread"; Value = "M3"; VariantName = "[No Variations]"
Change component parameters (AddParameter): Name = "Thread Length"; Value = "2.5mm"; VariantName = "[No Variations]"
Change component parameters (AddParameter): Name = "Value"; Value = "M3x2.5mm"; VariantName = "[No Variations]"
Change component parameters: Designator = "J15" ("J15"); Footprint = "74655095"; UniqueID = "\KLVMVLFK" ("\KLVMVLFK")
Change component parameters (AddParameter): Name = "ComponentLink1Description"; Value = "Manufacturer"; VariantName = "[No Variations]"
Change component parameters (AddParameter): Name = "ComponentLink1URL"; Value = "http://www.we-online.de"; VariantName = "[No Variations]"
Change component parameters (AddParameter): Name = "ComponentLink2Description"; Value = "Datasheet"; VariantName = "[No Variations]"
Change component parameters (AddParameter): Name = "ComponentLink2URL"; Value = "https://katalog.we-online.com/em/datasheet/74650073R.pdf"; VariantName = "[No Variations]"
Change component parameters (AddParameter): Name = "Height"; Value = "3mm"; VariantName = "[No Variations]"
Change component parameters (AddParameter): Name = "Manufacturer"; Value = "Wurth Elektronik"; VariantName = "[No Variations]"
Change component parameters (AddParameter): Name = "Material"; Value = "Brass"; VariantName = "[No Variations]"
Change component parameters (AddParameter): Name = "Mounting Technology"; Value = "SMT"; VariantName = "[No Variations]"
Change component parameters (AddParameter): Name = "Operating Temperature"; Value = "-55 to +150degC"; VariantName = "[No Variations]"
Change component parameters (AddParameter): Name = "Packaging"; Value = "Tape and Reel"; VariantName = "[No Variations]"
Change component parameters (AddParameter): Name = "Part Number"; Value = "74650073R"; VariantName = "[No Variations]"
Change component parameters (AddParameter): Name = "Pin Number"; Value = "4"; VariantName = "[No Variations]"
Change component parameters (AddParameter): Name = "Published Date"; Value = "September 2019"; VariantName = "[No Variations]"
Change component parameters (AddParameter): Name = "Publisher"; Value = "Wurth Elektronik"; VariantName = "[No Variations]"
Change component parameters (AddParameter): Name = "Rated Current"; Value = "50A"; VariantName = "[No Variations]"
Change component parameters (AddParameter): Name = "Size"; Value = "7x7mm"; VariantName = "[No Variations]"
Change component parameters (AddParameter): Name = "Surface"; Value = "Tin"; VariantName = "[No Variations]"
Change component parameters (AddParameter): Name = "Thread"; Value = "M3"; VariantName = "[No Variations]"
Change component parameters (AddParameter): Name = "Thread Length"; Value = "2.5mm"; VariantName = "[No Variations]"
Change component parameters (AddParameter): Name = "Value"; Value = "M3x2.5mm"; VariantName = "[No Variations]"
Change component parameters: Designator = "J17" ("J17"); Footprint = "74655095"; UniqueID = "\UQOHGJQF" ("\UQOHGJQF")
Change component parameters (AddParameter): Name = "ComponentLink1Description"; Value = "Manufacturer"; VariantName = "[No Variations]"
Change component parameters (AddParameter): Name = "ComponentLink1URL"; Value = "http://www.we-online.de"; VariantName = "[No Variations]"
Change component parameters (AddParameter): Name = "ComponentLink2Description"; Value = "Datasheet"; VariantName = "[No Variations]"
Change component parameters (AddParameter): Name = "ComponentLink2URL"; Value = "https://katalog.we-online.com/em/datasheet/74650073R.pdf"; VariantName = "[No Variations]"
Change component parameters (AddParameter): Name = "Height"; Value = "3mm"; VariantName = "[No Variations]"
Change component parameters (AddParameter): Name = "Manufacturer"; Value = "Wurth Elektronik"; VariantName = "[No Variations]"
Change component parameters (AddParameter): Name = "Material"; Value = "Brass"; VariantName = "[No Variations]"
Change component parameters (AddParameter): Name = "Mounting Technology"; Value = "SMT"; VariantName = "[No Variations]"
Change component parameters (AddParameter): Name = "Operating Temperature"; Value = "-55 to +150degC"; VariantName = "[No Variations]"
Change component parameters (AddParameter): Name = "Packaging"; Value = "Tape and Reel"; VariantName = "[No Variations]"
Change component parameters (AddParameter): Name = "Part Number"; Value = "74650073R"; VariantName = "[No Variations]"
Change component parameters (AddParameter): Name = "Pin Number"; Value = "4"; VariantName = "[No Variations]"
Change component parameters (AddParameter): Name = "Published Date"; Value = "September 2019"; VariantName = "[No Variations]"
Change component parameters (AddParameter): Name = "Publisher"; Value = "Wurth Elektronik"; VariantName = "[No Variations]"
Change component parameters (AddParameter): Name = "Rated Current"; Value = "50A"; VariantName = "[No Variations]"
Change component parameters (AddParameter): Name = "Size"; Value = "7x7mm"; VariantName = "[No Variations]"
Change component parameters (AddParameter): Name = "Surface"; Value = "Tin"; VariantName = "[No Variations]"
Change component parameters (AddParameter): Name = "Thread"; Value = "M3"; VariantName = "[No Variations]"
Change component parameters (AddParameter): Name = "Thread Length"; Value = "2.5mm"; VariantName = "[No Variations]"
Change component parameters (AddParameter): Name = "Value"; Value = "M3x2.5mm"; VariantName = "[No Variations]"
Change component parameters: Designator = "J19" ("J19"); Footprint = "74655095"; UniqueID = "\ECTOHQFC" ("\ECTOHQFC")
Change component parameters (AddParameter): Name = "ComponentLink1Description"; Value = "Manufacturer"; VariantName = "[No Variations]"
Change component parameters (AddParameter): Name = "ComponentLink1URL"; Value = "http://www.we-online.de"; VariantName = "[No Variations]"
Change component parameters (AddParameter): Name = "ComponentLink2Description"; Value = "Datasheet"; VariantName = "[No Variations]"
Change component parameters (AddParameter): Name = "ComponentLink2URL"; Value = "https://katalog.we-online.com/em/datasheet/74650073R.pdf"; VariantName = "[No Variations]"
Change component parameters (AddParameter): Name = "Height"; Value = "3mm"; VariantName = "[No Variations]"
Change component parameters (AddParameter): Name = "Manufacturer"; Value = "Wurth Elektronik"; VariantName = "[No Variations]"
Change component parameters (AddParameter): Name = "Material"; Value = "Brass"; VariantName = "[No Variations]"
Change component parameters (AddParameter): Name = "Mounting Technology"; Value = "SMT"; VariantName = "[No Variations]"
Change component parameters (AddParameter): Name = "Operating Temperature"; Value = "-55 to +150degC"; VariantName = "[No Variations]"
Change component parameters (AddParameter): Name = "Packaging"; Value = "Tape and Reel"; VariantName = "[No Variations]"
Change component parameters (AddParameter): Name = "Part Number"; Value = "74650073R"; VariantName = "[No Variations]"
Change component parameters (AddParameter): Name = "Pin Number"; Value = "4"; VariantName = "[No Variations]"
Change component parameters (AddParameter): Name = "Published Date"; Value = "September 2019"; VariantName = "[No Variations]"
Change component parameters (AddParameter): Name = "Publisher"; Value = "Wurth Elektronik"; VariantName = "[No Variations]"
Change component parameters (AddParameter): Name = "Rated Current"; Value = "50A"; VariantName = "[No Variations]"
Change component parameters (AddParameter): Name = "Size"; Value = "7x7mm"; VariantName = "[No Variations]"
Change component parameters (AddParameter): Name = "Surface"; Value = "Tin"; VariantName = "[No Variations]"
Change component parameters (AddParameter): Name = "Thread"; Value = "M3"; VariantName = "[No Variations]"
Change component parameters (AddParameter): Name = "Thread Length"; Value = "2.5mm"; VariantName = "[No Variations]"
Change component parameters (AddParameter): Name = "Value"; Value = "M3x2.5mm"; VariantName = "[No Variations]"
Change component parameters: Designator = "J21" ("J21"); Footprint = "74655095"; UniqueID = "\FKOYVIHY" ("\FKOYVIHY")
Change component parameters (AddParameter): Name = "ComponentLink1Description"; Value = "Manufacturer"; VariantName = "[No Variations]"
Change component parameters (AddParameter): Name = "ComponentLink1URL"; Value = "http://www.we-online.de"; VariantName = "[No Variations]"
Change component parameters (AddParameter): Name = "ComponentLink2Description"; Value = "Datasheet"; VariantName = "[No Variations]"
Change component parameters (AddParameter): Name = "ComponentLink2URL"; Value = "https://katalog.we-online.com/em/datasheet/74650073R.pdf"; VariantName = "[No Variations]"
Change component parameters (AddParameter): Name = "Height"; Value = "3mm"; VariantName = "[No Variations]"
Change component parameters (AddParameter): Name = "Manufacturer"; Value = "Wurth Elektronik"; VariantName = "[No Variations]"
Change component parameters (AddParameter): Name = "Material"; Value = "Brass"; VariantName = "[No Variations]"
Change component parameters (AddParameter): Name = "Mounting Technology"; Value = "SMT"; VariantName = "[No Variations]"
Change component parameters (AddParameter): Name = "Operating Temperature"; Value = "-55 to +150degC"; VariantName = "[No Variations]"
Change component parameters (AddParameter): Name = "Packaging"; Value = "Tape and Reel"; VariantName = "[No Variations]"
Change component parameters (AddParameter): Name = "Part Number"; Value = "74650073R"; VariantName = "[No Variations]"
Change component parameters (AddParameter): Name = "Pin Number"; Value = "4"; VariantName = "[No Variations]"
Change component parameters (AddParameter): Name = "Published Date"; Value = "September 2019"; VariantName = "[No Variations]"
Change component parameters (AddParameter): Name = "Publisher"; Value = "Wurth Elektronik"; VariantName = "[No Variations]"
Change component parameters (AddParameter): Name = "Rated Current"; Value = "50A"; VariantName = "[No Variations]"
Change component parameters (AddParameter): Name = "Size"; Value = "7x7mm"; VariantName = "[No Variations]"
Change component parameters (AddParameter): Name = "Surface"; Value = "Tin"; VariantName = "[No Variations]"
Change component parameters (AddParameter): Name = "Thread"; Value = "M3"; VariantName = "[No Variations]"
Change component parameters (AddParameter): Name = "Thread Length"; Value = "2.5mm"; VariantName = "[No Variations]"
Change component parameters (AddParameter): Name = "Value"; Value = "M3x2.5mm"; VariantName = "[No Variations]"
Change component parameters: Designator = "J23" ("J23"); Footprint = "74655095"; UniqueID = "\UKRJDPJB" ("\UKRJDPJB")
Change component parameters (AddParameter): Name = "ComponentLink1Description"; Value = "Manufacturer"; VariantName = "[No Variations]"
Change component parameters (AddParameter): Name = "ComponentLink1URL"; Value = "http://www.we-online.de"; VariantName = "[No Variations]"
Change component parameters (AddParameter): Name = "ComponentLink2Description"; Value = "Datasheet"; VariantName = "[No Variations]"
Change component parameters (AddParameter): Name = "ComponentLink2URL"; Value = "https://katalog.we-online.com/em/datasheet/74650073R.pdf"; VariantName = "[No Variations]"
Change component parameters (AddParameter): Name = "Height"; Value = "3mm"; VariantName = "[No Variations]"
Change component parameters (AddParameter): Name = "Manufacturer"; Value = "Wurth Elektronik"; VariantName = "[No Variations]"
Change component parameters (AddParameter): Name = "Material"; Value = "Brass"; VariantName = "[No Variations]"
Change component parameters (AddParameter): Name = "Mounting Technology"; Value = "SMT"; VariantName = "[No Variations]"
Change component parameters (AddParameter): Name = "Operating Temperature"; Value = "-55 to +150degC"; VariantName = "[No Variations]"
Change component parameters (AddParameter): Name = "Packaging"; Value = "Tape and Reel"; VariantName = "[No Variations]"
Change component parameters (AddParameter): Name = "Part Number"; Value = "74650073R"; VariantName = "[No Variations]"
Change component parameters (AddParameter): Name = "Pin Number"; Value = "4"; VariantName = "[No Variations]"
Change component parameters (AddParameter): Name = "Published Date"; Value = "September 2019"; VariantName = "[No Variations]"
Change component parameters (AddParameter): Name = "Publisher"; Value = "Wurth Elektronik"; VariantName = "[No Variations]"
Change component parameters (AddParameter): Name = "Rated Current"; Value = "50A"; VariantName = "[No Variations]"
Change component parameters (AddParameter): Name = "Size"; Value = "7x7mm"; VariantName = "[No Variations]"
Change component parameters (AddParameter): Name = "Surface"; Value = "Tin"; VariantName = "[No Variations]"
Change component parameters (AddParameter): Name = "Thread"; Value = "M3"; VariantName = "[No Variations]"
Change component parameters (AddParameter): Name = "Thread Length"; Value = "2.5mm"; VariantName = "[No Variations]"
Change component parameters (AddParameter): Name = "Value"; Value = "M3x2.5mm"; VariantName = "[No Variations]"
Change component parameters: Designator = "J25" ("J25"); Footprint = "74655095"; UniqueID = "\ONSGBRWC" ("\ONSGBRWC")
Change component parameters (AddParameter): Name = "ComponentLink1Description"; Value = "Manufacturer"; VariantName = "[No Variations]"
Change component parameters (AddParameter): Name = "ComponentLink1URL"; Value = "http://www.we-online.de"; VariantName = "[No Variations]"
Change component parameters (AddParameter): Name = "ComponentLink2Description"; Value = "Datasheet"; VariantName = "[No Variations]"
Change component parameters (AddParameter): Name = "ComponentLink2URL"; Value = "https://katalog.we-online.com/em/datasheet/74650073R.pdf"; VariantName = "[No Variations]"
Change component parameters (AddParameter): Name = "Height"; Value = "3mm"; VariantName = "[No Variations]"
Change component parameters (AddParameter): Name = "Manufacturer"; Value = "Wurth Elektronik"; VariantName = "[No Variations]"
Change component parameters (AddParameter): Name = "Material"; Value = "Brass"; VariantName = "[No Variations]"
Change component parameters (AddParameter): Name = "Mounting Technology"; Value = "SMT"; VariantName = "[No Variations]"
Change component parameters (AddParameter): Name = "Operating Temperature"; Value = "-55 to +150degC"; VariantName = "[No Variations]"
Change component parameters (AddParameter): Name = "Packaging"; Value = "Tape and Reel"; VariantName = "[No Variations]"
Change component parameters (AddParameter): Name = "Part Number"; Value = "74650073R"; VariantName = "[No Variations]"
Change component parameters (AddParameter): Name = "Pin Number"; Value = "4"; VariantName = "[No Variations]"
Change component parameters (AddParameter): Name = "Published Date"; Value = "September 2019"; VariantName = "[No Variations]"
Change component parameters (AddParameter): Name = "Publisher"; Value = "Wurth Elektronik"; VariantName = "[No Variations]"
Change component parameters (AddParameter): Name = "Rated Current"; Value = "50A"; VariantName = "[No Variations]"
Change component parameters (AddParameter): Name = "Size"; Value = "7x7mm"; VariantName = "[No Variations]"
Change component parameters (AddParameter): Name = "Surface"; Value = "Tin"; VariantName = "[No Variations]"
Change component parameters (AddParameter): Name = "Thread"; Value = "M3"; VariantName = "[No Variations]"
Change component parameters (AddParameter): Name = "Thread Length"; Value = "2.5mm"; VariantName = "[No Variations]"
Change component parameters (AddParameter): Name = "Value"; Value = "M3x2.5mm"; VariantName = "[No Variations]"
Change component parameters: Designator = "J27" ("J27"); Footprint = "74655095"; UniqueID = "\TLGJCJXW" ("\TLGJCJXW")
Change component parameters (AddParameter): Name = "ComponentLink1Description"; Value = "Manufacturer"; VariantName = "[No Variations]"
Change component parameters (AddParameter): Name = "ComponentLink1URL"; Value = "http://www.we-online.de"; VariantName = "[No Variations]"
Change component parameters (AddParameter): Name = "ComponentLink2Description"; Value = "Datasheet"; VariantName = "[No Variations]"
Change component parameters (AddParameter): Name = "ComponentLink2URL"; Value = "https://katalog.we-online.com/em/datasheet/74650073R.pdf"; VariantName = "[No Variations]"
Change component parameters (AddParameter): Name = "Height"; Value = "3mm"; VariantName = "[No Variations]"
Change component parameters (AddParameter): Name = "Manufacturer"; Value = "Wurth Elektronik"; VariantName = "[No Variations]"
Change component parameters (AddParameter): Name = "Material"; Value = "Brass"; VariantName = "[No Variations]"
Change component parameters (AddParameter): Name = "Mounting Technology"; Value = "SMT"; VariantName = "[No Variations]"
Change component parameters (AddParameter): Name = "Operating Temperature"; Value = "-55 to +150degC"; VariantName = "[No Variations]"
Change component parameters (AddParameter): Name = "Packaging"; Value = "Tape and Reel"; VariantName = "[No Variations]"
Change component parameters (AddParameter): Name = "Part Number"; Value = "74650073R"; VariantName = "[No Variations]"
Change component parameters (AddParameter): Name = "Pin Number"; Value = "4"; VariantName = "[No Variations]"
Change component parameters (AddParameter): Name = "Published Date"; Value = "September 2019"; VariantName = "[No Variations]"
Change component parameters (AddParameter): Name = "Publisher"; Value = "Wurth Elektronik"; VariantName = "[No Variations]"
Change component parameters (AddParameter): Name = "Rated Current"; Value = "50A"; VariantName = "[No Variations]"
Change component parameters (AddParameter): Name = "Size"; Value = "7x7mm"; VariantName = "[No Variations]"
Change component parameters (AddParameter): Name = "Surface"; Value = "Tin"; VariantName = "[No Variations]"
Change component parameters (AddParameter): Name = "Thread"; Value = "M3"; VariantName = "[No Variations]"
Change component parameters (AddParameter): Name = "Thread Length"; Value = "2.5mm"; VariantName = "[No Variations]"
Change component parameters (AddParameter): Name = "Value"; Value = "M3x2.5mm"; VariantName = "[No Variations]"
